This is XeTeX, Version 3.141592653-2.6-0.999993 (TeX Live 2021/W32TeX) (preloaded format=xelatex 2021.8.11)  9 MAY 2023 11:48
entering extended mode
 restricted \write18 enabled.
 file:line:error style messages enabled.
 %&-line parsing enabled.
**hkust-beamer
(./hkust-beamer.tex
LaTeX2e <2020-10-01> patch level 4
L3 programming layer <2021-02-18> (d:/texlive/2021/texmf-dist/tex/latex/beamer/beamer.cls
Document Class: beamer 2021/03/19 v3.62 A class for typesetting presentations
(d:/texlive/2021/texmf-dist/tex/latex/beamer/beamerbasemodes.sty (d:/texlive/2021/texmf-dist/tex/latex/etoolbox/etoolbox.sty
Package: etoolbox 2020/10/05 v2.5k e-TeX tools for LaTeX (JAW)
\etb@tempcnta=\count175
)
\beamer@tempbox=\box47
\beamer@tempcount=\count176
\c@beamerpauses=\count177
 (d:/texlive/2021/texmf-dist/tex/latex/beamer/beamerbasedecode.sty
\beamer@slideinframe=\count178
\beamer@minimum=\count179
\beamer@decode@box=\box48
)
\beamer@commentbox=\box49
\beamer@modecount=\count180
) (d:/texlive/2021/texmf-dist/tex/generic/iftex/ifpdf.sty
Package: ifpdf 2019/10/25 v3.4 ifpdf legacy package. Use iftex instead.
 (d:/texlive/2021/texmf-dist/tex/generic/iftex/iftex.sty
Package: iftex 2020/03/06 v1.0d TeX engine tests
))
\headdp=\dimen138
\footheight=\dimen139
\sidebarheight=\dimen140
\beamer@tempdim=\dimen141
\beamer@finalheight=\dimen142
\beamer@animht=\dimen143
\beamer@animdp=\dimen144
\beamer@animwd=\dimen145
\beamer@leftmargin=\dimen146
\beamer@rightmargin=\dimen147
\beamer@leftsidebar=\dimen148
\beamer@rightsidebar=\dimen149
\beamer@boxsize=\dimen150
\beamer@vboxoffset=\dimen151
\beamer@descdefault=\dimen152
\beamer@descriptionwidth=\dimen153
\beamer@lastskip=\skip47
\beamer@areabox=\box50
\beamer@animcurrent=\box51
\beamer@animshowbox=\box52
\beamer@sectionbox=\box53
\beamer@logobox=\box54
\beamer@linebox=\box55
\beamer@sectioncount=\count181
\beamer@subsubsectionmax=\count182
\beamer@subsectionmax=\count183
\beamer@sectionmax=\count184
\beamer@totalheads=\count185
\beamer@headcounter=\count186
\beamer@partstartpage=\count187
\beamer@sectionstartpage=\count188
\beamer@subsectionstartpage=\count189
\beamer@animationtempa=\count190
\beamer@animationtempb=\count191
\beamer@xpos=\count192
\beamer@ypos=\count193
\beamer@ypos@offset=\count194
\beamer@showpartnumber=\count195
\beamer@currentsubsection=\count196
\beamer@coveringdepth=\count197
\beamer@sectionadjust=\count198
\beamer@tocsectionnumber=\count199
 (d:/texlive/2021/texmf-dist/tex/latex/beamer/beamerbaseoptions.sty (d:/texlive/2021/texmf-dist/tex/latex/graphics/keyval.sty
Package: keyval 2014/10/28 v1.15 key=value parser (DPC)
\KV@toks@=\toks15
))
\beamer@paperwidth=\skip48
\beamer@paperheight=\skip49
 (d:/texlive/2021/texmf-dist/tex/latex/geometry/geometry.sty
Package: geometry 2020/01/02 v5.9 Page Geometry
 (d:/texlive/2021/texmf-dist/tex/generic/iftex/ifvtex.sty
Package: ifvtex 2019/10/25 v1.7 ifvtex legacy package. Use iftex instead.
)
\Gm@cnth=\count266
\Gm@cntv=\count267
\c@Gm@tempcnt=\count268
\Gm@bindingoffset=\dimen154
\Gm@wd@mp=\dimen155
\Gm@odd@mp=\dimen156
\Gm@even@mp=\dimen157
\Gm@layoutwidth=\dimen158
\Gm@layoutheight=\dimen159
\Gm@layouthoffset=\dimen160
\Gm@layoutvoffset=\dimen161
\Gm@dimlist=\toks16
) (d:/texlive/2021/texmf-dist/tex/latex/base/size11.clo
File: size11.clo 2020/04/10 v1.4m Standard LaTeX file (size option)
) (d:/texlive/2021/texmf-dist/tex/latex/pgf/basiclayer/pgfcore.sty (d:/texlive/2021/texmf-dist/tex/latex/graphics/graphicx.sty
Package: graphicx 2020/09/09 v1.2b Enhanced LaTeX Graphics (DPC,SPQR)
 (d:/texlive/2021/texmf-dist/tex/latex/graphics/graphics.sty
Package: graphics 2020/08/30 v1.4c Standard LaTeX Graphics (DPC,SPQR)
 (d:/texlive/2021/texmf-dist/tex/latex/graphics/trig.sty
Package: trig 2016/01/03 v1.10 sin cos tan (DPC)
) (d:/texlive/2021/texmf-dist/tex/latex/graphics-cfg/graphics.cfg
File: graphics.cfg 2016/06/04 v1.11 sample graphics configuration
)
Package graphics Info: Driver file: xetex.def on input line 105.
 (d:/texlive/2021/texmf-dist/tex/latex/graphics-def/xetex.def
File: xetex.def 2021/03/18 v5.0k Graphics/color driver for xetex
))
\Gin@req@height=\dimen162
\Gin@req@width=\dimen163
) (d:/texlive/2021/texmf-dist/tex/latex/pgf/systemlayer/pgfsys.sty (d:/texlive/2021/texmf-dist/tex/latex/pgf/utilities/pgfrcs.sty (d:/texlive/2021/texmf-dist/tex/generic/pgf/utilities/pgfutil-common.tex
\pgfutil@everybye=\toks17
\pgfutil@tempdima=\dimen164
\pgfutil@tempdimb=\dimen165
 (d:/texlive/2021/texmf-dist/tex/generic/pgf/utilities/pgfutil-common-lists.tex)) (d:/texlive/2021/texmf-dist/tex/generic/pgf/utilities/pgfutil-latex.def
\pgfutil@abb=\box56
) (d:/texlive/2021/texmf-dist/tex/generic/pgf/utilities/pgfrcs.code.tex (d:/texlive/2021/texmf-dist/tex/generic/pgf/pgf.revision.tex)
Package: pgfrcs 2020/12/27 v3.1.8b (3.1.8b)
)) (d:/texlive/2021/texmf-dist/tex/generic/pgf/systemlayer/pgfsys.code.tex
Package: pgfsys 2020/12/27 v3.1.8b (3.1.8b)
 (d:/texlive/2021/texmf-dist/tex/generic/pgf/utilities/pgfkeys.code.tex
\pgfkeys@pathtoks=\toks18
\pgfkeys@temptoks=\toks19
 (d:/texlive/2021/texmf-dist/tex/generic/pgf/utilities/pgfkeysfiltered.code.tex
\pgfkeys@tmptoks=\toks20
))
\pgf@x=\dimen166
\pgf@y=\dimen167
\pgf@xa=\dimen168
\pgf@ya=\dimen169
\pgf@xb=\dimen170
\pgf@yb=\dimen171
\pgf@xc=\dimen172
\pgf@yc=\dimen173
\pgf@xd=\dimen174
\pgf@yd=\dimen175
\w@pgf@writea=\write3
\r@pgf@reada=\read2
\c@pgf@counta=\count269
\c@pgf@countb=\count270
\c@pgf@countc=\count271
\c@pgf@countd=\count272
\t@pgf@toka=\toks21
\t@pgf@tokb=\toks22
\t@pgf@tokc=\toks23
\pgf@sys@id@count=\count273
 (d:/texlive/2021/texmf-dist/tex/generic/pgf/systemlayer/pgf.cfg
File: pgf.cfg 2020/12/27 v3.1.8b (3.1.8b)
)
Driver file for pgf: pgfsys-xetex.def
 (d:/texlive/2021/texmf-dist/tex/generic/pgf/systemlayer/pgfsys-xetex.def
File: pgfsys-xetex.def 2020/12/27 v3.1.8b (3.1.8b)
 (d:/texlive/2021/texmf-dist/tex/generic/pgf/systemlayer/pgfsys-dvipdfmx.def
File: pgfsys-dvipdfmx.def 2020/12/27 v3.1.8b (3.1.8b)
 (d:/texlive/2021/texmf-dist/tex/generic/pgf/systemlayer/pgfsys-common-pdf.def
File: pgfsys-common-pdf.def 2020/12/27 v3.1.8b (3.1.8b)
)
\pgfsys@objnum=\count274
))) (d:/texlive/2021/texmf-dist/tex/generic/pgf/systemlayer/pgfsyssoftpath.code.tex
File: pgfsyssoftpath.code.tex 2020/12/27 v3.1.8b (3.1.8b)
\pgfsyssoftpath@smallbuffer@items=\count275
\pgfsyssoftpath@bigbuffer@items=\count276
) (d:/texlive/2021/texmf-dist/tex/generic/pgf/systemlayer/pgfsysprotocol.code.tex
File: pgfsysprotocol.code.tex 2020/12/27 v3.1.8b (3.1.8b)
)) (d:/texlive/2021/texmf-dist/tex/latex/xcolor/xcolor.sty
Package: xcolor 2016/05/11 v2.12 LaTeX color extensions (UK)
 (d:/texlive/2021/texmf-dist/tex/latex/graphics-cfg/color.cfg
File: color.cfg 2016/01/02 v1.6 sample color configuration
)
Package xcolor Info: Driver file: xetex.def on input line 225.
 (d:/texlive/2021/texmf-dist/tex/latex/colortbl/colortbl.sty
Package: colortbl 2020/01/04 v1.0e Color table columns (DPC)
 (d:/texlive/2021/texmf-dist/tex/latex/tools/array.sty
Package: array 2020/10/01 v2.5c Tabular extension package (FMi)
\col@sep=\dimen176
\ar@mcellbox=\box57
\extrarowheight=\dimen177
\NC@list=\toks24
\extratabsurround=\skip50
\backup@length=\skip51
\ar@cellbox=\box58
)
\everycr=\toks25
\minrowclearance=\skip52
)
\rownum=\count277
Package xcolor Info: Model `cmy' substituted by `cmy0' on input line 1348.
Package xcolor Info: Model `RGB' extended on input line 1364.
Package xcolor Info: Model `HTML' substituted by `rgb' on input line 1366.
Package xcolor Info: Model `Hsb' substituted by `hsb' on input line 1367.
Package xcolor Info: Model `tHsb' substituted by `hsb' on input line 1368.
Package xcolor Info: Model `HSB' substituted by `hsb' on input line 1369.
Package xcolor Info: Model `Gray' substituted by `gray' on input line 1370.
Package xcolor Info: Model `wave' substituted by `hsb' on input line 1371.
) (d:/texlive/2021/texmf-dist/tex/generic/pgf/basiclayer/pgfcore.code.tex
Package: pgfcore 2020/12/27 v3.1.8b (3.1.8b)
 (d:/texlive/2021/texmf-dist/tex/generic/pgf/math/pgfmath.code.tex (d:/texlive/2021/texmf-dist/tex/generic/pgf/math/pgfmathcalc.code.tex (d:/texlive/2021/texmf-dist/tex/generic/pgf/math/pgfmathutil.code.tex) (d:/texlive/2021/texmf-dist/tex/generic/pgf/math/pgfmathparser.code.tex
\pgfmath@dimen=\dimen178
\pgfmath@count=\count278
\pgfmath@box=\box59
\pgfmath@toks=\toks26
\pgfmath@stack@operand=\toks27
\pgfmath@stack@operation=\toks28
) (d:/texlive/2021/texmf-dist/tex/generic/pgf/math/pgfmathfunctions.code.tex (d:/texlive/2021/texmf-dist/tex/generic/pgf/math/pgfmathfunctions.basic.code.tex) (d:/texlive/2021/texmf-dist/tex/generic/pgf/math/pgfmathfunctions.trigonometric.code.tex) (d:/texlive/2021/texmf-dist/tex/generic/pgf/math/pgfmathfunctions.random.code.tex) (d:/texlive/2021/texmf-dist/tex/generic/pgf/math/pgfmathfunctions.comparison.code.tex) (d:/texlive/2021/texmf-dist/tex/generic/pgf/math/pgfmathfunctions.base.code.tex) (d:/texlive/2021/texmf-dist/tex/generic/pgf/math/pgfmathfunctions.round.code.tex) (d:/texlive/2021/texmf-dist/tex/generic/pgf/math/pgfmathfunctions.misc.code.tex) (d:/texlive/2021/texmf-dist/tex/generic/pgf/math/pgfmathfunctions.integerarithmetics.code.tex))) (d:/texlive/2021/texmf-dist/tex/generic/pgf/math/pgfmathfloat.code.tex
\c@pgfmathroundto@lastzeros=\count279
)) (d:/texlive/2021/texmf-dist/tex/generic/pgf/math/pgfint.code.tex) (d:/texlive/2021/texmf-dist/tex/generic/pgf/basiclayer/pgfcorepoints.code.tex
File: pgfcorepoints.code.tex 2020/12/27 v3.1.8b (3.1.8b)
\pgf@picminx=\dimen179
\pgf@picmaxx=\dimen180
\pgf@picminy=\dimen181
\pgf@picmaxy=\dimen182
\pgf@pathminx=\dimen183
\pgf@pathmaxx=\dimen184
\pgf@pathminy=\dimen185
\pgf@pathmaxy=\dimen186
\pgf@xx=\dimen187
\pgf@xy=\dimen188
\pgf@yx=\dimen189
\pgf@yy=\dimen190
\pgf@zx=\dimen191
\pgf@zy=\dimen192
) (d:/texlive/2021/texmf-dist/tex/generic/pgf/basiclayer/pgfcorepathconstruct.code.tex
File: pgfcorepathconstruct.code.tex 2020/12/27 v3.1.8b (3.1.8b)
\pgf@path@lastx=\dimen193
\pgf@path@lasty=\dimen194
) (d:/texlive/2021/texmf-dist/tex/generic/pgf/basiclayer/pgfcorepathusage.code.tex
File: pgfcorepathusage.code.tex 2020/12/27 v3.1.8b (3.1.8b)
\pgf@shorten@end@additional=\dimen195
\pgf@shorten@start@additional=\dimen196
) (d:/texlive/2021/texmf-dist/tex/generic/pgf/basiclayer/pgfcorescopes.code.tex
File: pgfcorescopes.code.tex 2020/12/27 v3.1.8b (3.1.8b)
\pgfpic=\box60
\pgf@hbox=\box61
\pgf@layerbox@main=\box62
\pgf@picture@serial@count=\count280
) (d:/texlive/2021/texmf-dist/tex/generic/pgf/basiclayer/pgfcoregraphicstate.code.tex
File: pgfcoregraphicstate.code.tex 2020/12/27 v3.1.8b (3.1.8b)
\pgflinewidth=\dimen197
) (d:/texlive/2021/texmf-dist/tex/generic/pgf/basiclayer/pgfcoretransformations.code.tex
File: pgfcoretransformations.code.tex 2020/12/27 v3.1.8b (3.1.8b)
\pgf@pt@x=\dimen198
\pgf@pt@y=\dimen199
\pgf@pt@temp=\dimen256
) (d:/texlive/2021/texmf-dist/tex/generic/pgf/basiclayer/pgfcorequick.code.tex
File: pgfcorequick.code.tex 2020/12/27 v3.1.8b (3.1.8b)
) (d:/texlive/2021/texmf-dist/tex/generic/pgf/basiclayer/pgfcoreobjects.code.tex
File: pgfcoreobjects.code.tex 2020/12/27 v3.1.8b (3.1.8b)
) (d:/texlive/2021/texmf-dist/tex/generic/pgf/basiclayer/pgfcorepathprocessing.code.tex
File: pgfcorepathprocessing.code.tex 2020/12/27 v3.1.8b (3.1.8b)
) (d:/texlive/2021/texmf-dist/tex/generic/pgf/basiclayer/pgfcorearrows.code.tex
File: pgfcorearrows.code.tex 2020/12/27 v3.1.8b (3.1.8b)
\pgfarrowsep=\dimen257
) (d:/texlive/2021/texmf-dist/tex/generic/pgf/basiclayer/pgfcoreshade.code.tex
File: pgfcoreshade.code.tex 2020/12/27 v3.1.8b (3.1.8b)
\pgf@max=\dimen258
\pgf@sys@shading@range@num=\count281
\pgf@shadingcount=\count282
) (d:/texlive/2021/texmf-dist/tex/generic/pgf/basiclayer/pgfcoreimage.code.tex
File: pgfcoreimage.code.tex 2020/12/27 v3.1.8b (3.1.8b)
 (d:/texlive/2021/texmf-dist/tex/generic/pgf/basiclayer/pgfcoreexternal.code.tex
File: pgfcoreexternal.code.tex 2020/12/27 v3.1.8b (3.1.8b)
\pgfexternal@startupbox=\box63
)) (d:/texlive/2021/texmf-dist/tex/generic/pgf/basiclayer/pgfcorelayers.code.tex
File: pgfcorelayers.code.tex 2020/12/27 v3.1.8b (3.1.8b)
) (d:/texlive/2021/texmf-dist/tex/generic/pgf/basiclayer/pgfcoretransparency.code.tex
File: pgfcoretransparency.code.tex 2020/12/27 v3.1.8b (3.1.8b)
) (d:/texlive/2021/texmf-dist/tex/generic/pgf/basiclayer/pgfcorepatterns.code.tex
File: pgfcorepatterns.code.tex 2020/12/27 v3.1.8b (3.1.8b)
) (d:/texlive/2021/texmf-dist/tex/generic/pgf/basiclayer/pgfcorerdf.code.tex
File: pgfcorerdf.code.tex 2020/12/27 v3.1.8b (3.1.8b)
))) (d:/texlive/2021/texmf-dist/tex/latex/pgf/utilities/xxcolor.sty
Package: xxcolor 2003/10/24 ver 0.1
\XC@nummixins=\count283
\XC@countmixins=\count284
) (d:/texlive/2021/texmf-dist/tex/latex/base/atbegshi-ltx.sty
Package: atbegshi-ltx 2020/08/17 v1.0a Emulation of the original atbegshi package
with kernel methods
) (d:/texlive/2021/texmf-dist/tex/latex/hyperref/hyperref.sty
Package: hyperref 2021-02-27 v7.00k Hypertext links for LaTeX
 (d:/texlive/2021/texmf-dist/tex/generic/ltxcmds/ltxcmds.sty
Package: ltxcmds 2020-05-10 v1.25 LaTeX kernel commands for general use (HO)
) (d:/texlive/2021/texmf-dist/tex/generic/pdftexcmds/pdftexcmds.sty
Package: pdftexcmds 2020-06-27 v0.33 Utility functions of pdfTeX for LuaTeX (HO)
 (d:/texlive/2021/texmf-dist/tex/generic/infwarerr/infwarerr.sty
Package: infwarerr 2019/12/03 v1.5 Providing info/warning/error messages (HO)
)
Package pdftexcmds Info: \pdf@primitive is available.
Package pdftexcmds Info: \pdf@ifprimitive is available.
Package pdftexcmds Info: \pdfdraftmode not found.
) (d:/texlive/2021/texmf-dist/tex/generic/kvsetkeys/kvsetkeys.sty
Package: kvsetkeys 2019/12/15 v1.18 Key value parser (HO)
) (d:/texlive/2021/texmf-dist/tex/generic/kvdefinekeys/kvdefinekeys.sty
Package: kvdefinekeys 2019-12-19 v1.6 Define keys (HO)
) (d:/texlive/2021/texmf-dist/tex/generic/pdfescape/pdfescape.sty
Package: pdfescape 2019/12/09 v1.15 Implements pdfTeX's escape features (HO)
) (d:/texlive/2021/texmf-dist/tex/latex/hycolor/hycolor.sty
Package: hycolor 2020-01-27 v1.10 Color options for hyperref/bookmark (HO)
) (d:/texlive/2021/texmf-dist/tex/latex/letltxmacro/letltxmacro.sty
Package: letltxmacro 2019/12/03 v1.6 Let assignment for LaTeX macros (HO)
) (d:/texlive/2021/texmf-dist/tex/latex/auxhook/auxhook.sty
Package: auxhook 2019-12-17 v1.6 Hooks for auxiliary files (HO)
) (d:/texlive/2021/texmf-dist/tex/latex/kvoptions/kvoptions.sty
Package: kvoptions 2020-10-07 v3.14 Key value format for package options (HO)
)
\@linkdim=\dimen259
\Hy@linkcounter=\count285
\Hy@pagecounter=\count286
 (d:/texlive/2021/texmf-dist/tex/latex/hyperref/pd1enc.def
File: pd1enc.def 2021-02-27 v7.00k Hyperref: PDFDocEncoding definition (HO)
) (d:/texlive/2021/texmf-dist/tex/latex/hyperref/hyperref-langpatches.def
File: hyperref-langpatches.def 2021-02-27 v7.00k Hyperref: patches for babel languages
) (d:/texlive/2021/texmf-dist/tex/generic/intcalc/intcalc.sty
Package: intcalc 2019/12/15 v1.3 Expandable calculations with integers (HO)
) (d:/texlive/2021/texmf-dist/tex/generic/etexcmds/etexcmds.sty
Package: etexcmds 2019/12/15 v1.7 Avoid name clashes with e-TeX commands (HO)
)
\Hy@SavedSpaceFactor=\count287
 (d:/texlive/2021/texmf-dist/tex/latex/hyperref/puenc.def
File: puenc.def 2021-02-27 v7.00k Hyperref: PDF Unicode definition (HO)
)
Package hyperref Info: Option `bookmarks' set `true' on input line 4073.
Package hyperref Info: Option `bookmarksopen' set `true' on input line 4073.
Package hyperref Info: Option `implicit' set `false' on input line 4073.
Package hyperref Info: Hyper figures OFF on input line 4192.
Package hyperref Info: Link nesting OFF on input line 4197.
Package hyperref Info: Hyper index ON on input line 4200.
Package hyperref Info: Plain pages OFF on input line 4207.
Package hyperref Info: Backreferencing OFF on input line 4212.
Package hyperref Info: Implicit mode OFF; no redefinition of LaTeX internals.
Package hyperref Info: Bookmarks ON on input line 4445.
\c@Hy@tempcnt=\count288
 (d:/texlive/2021/texmf-dist/tex/latex/url/url.sty
\Urlmuskip=\muskip16
Package: url 2013/09/16  ver 3.4  Verb mode for urls, etc.
)
LaTeX Info: Redefining \url on input line 4804.
\XeTeXLinkMargin=\dimen260
 (d:/texlive/2021/texmf-dist/tex/generic/bitset/bitset.sty
Package: bitset 2019/12/09 v1.3 Handle bit-vector datatype (HO)
 (d:/texlive/2021/texmf-dist/tex/generic/bigintcalc/bigintcalc.sty
Package: bigintcalc 2019/12/15 v1.5 Expandable calculations on big integers (HO)
))
\Fld@menulength=\count289
\Field@Width=\dimen261
\Fld@charsize=\dimen262
Package hyperref Info: Hyper figures OFF on input line 6075.
Package hyperref Info: Link nesting OFF on input line 6080.
Package hyperref Info: Hyper index ON on input line 6083.
Package hyperref Info: backreferencing OFF on input line 6090.
Package hyperref Info: Link coloring OFF on input line 6095.
Package hyperref Info: Link coloring with OCG OFF on input line 6100.
Package hyperref Info: PDF/A mode OFF on input line 6105.
LaTeX Info: Redefining \ref on input line 6145.
LaTeX Info: Redefining \pageref on input line 6149.
\Hy@abspage=\count290


Package hyperref Message: Stopped early.

)
Package hyperref Info: Driver (autodetected): hxetex.
 (d:/texlive/2021/texmf-dist/tex/latex/hyperref/hxetex.def
File: hxetex.def 2021-02-27 v7.00k Hyperref driver for XeTeX
 (d:/texlive/2021/texmf-dist/tex/generic/stringenc/stringenc.sty
Package: stringenc 2019/11/29 v1.12 Convert strings between diff. encodings (HO)
)
\pdfm@box=\box64
\c@Hy@AnnotLevel=\count291
\HyField@AnnotCount=\count292
\Fld@listcount=\count293
\c@bookmark@seq@number=\count294
 (d:/texlive/2021/texmf-dist/tex/latex/rerunfilecheck/rerunfilecheck.sty
Package: rerunfilecheck 2019/12/05 v1.9 Rerun checks for auxiliary files (HO)
 (d:/texlive/2021/texmf-dist/tex/latex/base/atveryend-ltx.sty
Package: atveryend-ltx 2020/08/19 v1.0a Emulation of the original atvery package
with kernel methods
) (d:/texlive/2021/texmf-dist/tex/generic/uniquecounter/uniquecounter.sty
Package: uniquecounter 2019/12/15 v1.4 Provide unlimited unique counter (HO)
)
Package uniquecounter Info: New unique counter `rerunfilecheck' on input line 286.
)) (d:/texlive/2021/texmf-dist/tex/latex/beamer/beamerbaserequires.sty (d:/texlive/2021/texmf-dist/tex/latex/beamer/beamerbasecompatibility.sty) (d:/texlive/2021/texmf-dist/tex/latex/beamer/beamerbasefont.sty (d:/texlive/2021/texmf-dist/tex/latex/amsfonts/amssymb.sty
Package: amssymb 2013/01/14 v3.01 AMS font symbols
 (d:/texlive/2021/texmf-dist/tex/latex/amsfonts/amsfonts.sty
Package: amsfonts 2013/01/14 v3.01 Basic AMSFonts support
\@emptytoks=\toks29
\symAMSa=\mathgroup4
\symAMSb=\mathgroup5
LaTeX Font Info:    Redeclaring math symbol \hbar on input line 98.
LaTeX Font Info:    Overwriting math alphabet `\mathfrak' in version `bold'
(Font)                  U/euf/m/n --> U/euf/b/n on input line 106.
)) (d:/texlive/2021/texmf-dist/tex/latex/sansmathaccent/sansmathaccent.sty
Package: sansmathaccent 2020/01/31
 (d:/texlive/2021/texmf-dist/tex/latex/koma-script/scrlfile.sty
Package: scrlfile 2021/03/17 v3.33 KOMA-Script package (file load hooks)
 (d:/texlive/2021/texmf-dist/tex/latex/koma-script/scrlfile-hook.sty
Package: scrlfile-hook 2021/03/17 v3.33 KOMA-Script package (using LaTeX hooks)

LaTeX3 Info: Defining command \BeforeFile with sig. 'm' on line 61.


LaTeX3 Info: Defining command \AfterFile with sig. 'm' on line 65.


LaTeX3 Info: Defining command \BeforeClass with sig. 'm' on line 69.


LaTeX3 Info: Defining command \BeforePackage with sig. 'm' on line 73.


LaTeX3 Info: Defining command \AfterAtEndOfClass with sig. 'smo+m' on line 83.


LaTeX3 Info: Defining command \AfterAtEndOfPackage with sig. 'smo+m' on line
(LaTeX3)     93.


LaTeX3 Info: Defining command \scrlfile@AfterClass with sig. 'smo+m' on line
(LaTeX3)     173.


LaTeX3 Info: Defining command \AfterClass with sig. '' on line 174.


LaTeX3 Info: Defining command \scrlfile@AfterPackage with sig. 'smo+m' on line
(LaTeX3)     191.


LaTeX3 Info: Defining command \AfterPackage with sig. '' on line 192.


LaTeX3 Info: Defining command \ReplaceInput with sig. '' on line 193.


LaTeX3 Info: Defining command \ReplaceClass with sig. 'mm' on line 196.


LaTeX3 Info: Defining command \ReplacePackage with sig. 'mm' on line 199.


LaTeX3 Info: Defining command \UnReplaceInput with sig. '' on line 200.


LaTeX3 Info: Defining command \UnReplaceClass with sig. 'm' on line 203.


LaTeX3 Info: Defining command \UnReplacePackage with sig. 'mm' on line 206.


LaTeX3 Info: Defining command \PreventPackageFromLoading with sig. 's+om' on
(LaTeX3)     line 234.


LaTeX3 Info: Defining command \StorePreventPackageFromLoading with sig. 'm' on
(LaTeX3)     line 242.


LaTeX3 Info: Defining command \ResetPreventPackageFromLoading with sig. '' on
(LaTeX3)     line 247.


LaTeX3 Info: Defining command \UnPreventPackageFromLoading with sig. 'sm' on
(LaTeX3)     line 261.


LaTeX3 Info: Defining command \BeforeClosingMainAux with sig. 'om' on line
(LaTeX3)     274.


LaTeX3 Info: Defining command \AfterReadingMainAux with sig. 'om' on line 287.


LaTeX3 Info: Defining command \protected@immediate@write with sig. 'm+m+m' on
(LaTeX3)     line 298.

 (d:/texlive/2021/texmf-dist/tex/latex/koma-script/scrlogo.sty
Package: scrlogo 2021/03/17 v3.33 KOMA-Script package (logo)
))))) (d:/texlive/2021/texmf-dist/tex/latex/beamer/beamerbasetranslator.sty (d:/texlive/2021/texmf-dist/tex/latex/translator/translator.sty
Package: translator 2020-08-03 v1.12c Easy translation of strings in LaTeX
)) (d:/texlive/2021/texmf-dist/tex/latex/beamer/beamerbasemisc.sty) (d:/texlive/2021/texmf-dist/tex/latex/beamer/beamerbasetwoscreens.sty) (d:/texlive/2021/texmf-dist/tex/latex/beamer/beamerbaseoverlay.sty
\beamer@argscount=\count295
\beamer@lastskipcover=\skip53
\beamer@trivlistdepth=\count296
) (d:/texlive/2021/texmf-dist/tex/latex/beamer/beamerbasetitle.sty) (d:/texlive/2021/texmf-dist/tex/latex/beamer/beamerbasesection.sty
\c@lecture=\count297
\c@part=\count298
\c@section=\count299
\c@subsection=\count300
\c@subsubsection=\count301
) (d:/texlive/2021/texmf-dist/tex/latex/beamer/beamerbaseframe.sty
\beamer@framebox=\box65
\beamer@frametitlebox=\box66
\beamer@zoombox=\box67
\beamer@zoomcount=\count302
\beamer@zoomframecount=\count303
\beamer@frametextheight=\dimen263
\c@subsectionslide=\count304
\beamer@frametopskip=\skip54
\beamer@framebottomskip=\skip55
\beamer@frametopskipautobreak=\skip56
\beamer@framebottomskipautobreak=\skip57
\beamer@envbody=\toks30
\framewidth=\dimen264
\c@framenumber=\count305
) (d:/texlive/2021/texmf-dist/tex/latex/beamer/beamerbaseverbatim.sty
\beamer@verbatimfileout=\write4
) (d:/texlive/2021/texmf-dist/tex/latex/beamer/beamerbaseframesize.sty
\beamer@splitbox=\box68
\beamer@autobreakcount=\count306
\beamer@autobreaklastheight=\dimen265
\beamer@frametitletoks=\toks31
\beamer@framesubtitletoks=\toks32
) (d:/texlive/2021/texmf-dist/tex/latex/beamer/beamerbaseframecomponents.sty
\beamer@footins=\box69
) (d:/texlive/2021/texmf-dist/tex/latex/beamer/beamerbasecolor.sty) (d:/texlive/2021/texmf-dist/tex/latex/beamer/beamerbasenotes.sty
\beamer@frameboxcopy=\box70
) (d:/texlive/2021/texmf-dist/tex/latex/beamer/beamerbasetoc.sty) (d:/texlive/2021/texmf-dist/tex/latex/beamer/beamerbasetemplates.sty
\beamer@sbttoks=\toks33
 (d:/texlive/2021/texmf-dist/tex/latex/beamer/beamerbaseauxtemplates.sty (d:/texlive/2021/texmf-dist/tex/latex/beamer/beamerbaseboxes.sty
\bmb@box=\box71
\bmb@colorbox=\box72
\bmb@boxwidth=\dimen266
\bmb@boxheight=\dimen267
\bmb@prevheight=\dimen268
\bmb@temp=\dimen269
\bmb@dima=\dimen270
\bmb@dimb=\dimen271
\bmb@prevheight=\dimen272
)
\beamer@blockheadheight=\dimen273
)) (d:/texlive/2021/texmf-dist/tex/latex/beamer/beamerbaselocalstructure.sty (d:/texlive/2021/texmf-dist/tex/latex/tools/enumerate.sty
Package: enumerate 2015/07/23 v3.00 enumerate extensions (DPC)
\@enLab=\toks34
)
\beamer@bibiconwidth=\skip58
\c@figure=\count307
\c@table=\count308
\abovecaptionskip=\skip59
\belowcaptionskip=\skip60
) (d:/texlive/2021/texmf-dist/tex/latex/beamer/beamerbasenavigation.sty
\beamer@section@min@dim=\dimen274
) (d:/texlive/2021/texmf-dist/tex/latex/beamer/beamerbasetheorems.sty (d:/texlive/2021/texmf-dist/tex/latex/amsmath/amsmath.sty
Package: amsmath 2020/09/23 v2.17i AMS math features
\@mathmargin=\skip61

For additional information on amsmath, use the `?' option.
(d:/texlive/2021/texmf-dist/tex/latex/amsmath/amstext.sty
Package: amstext 2000/06/29 v2.01 AMS text
 (d:/texlive/2021/texmf-dist/tex/latex/amsmath/amsgen.sty
File: amsgen.sty 1999/11/30 v2.0 generic functions
\@emptytoks=\toks35
\ex@=\dimen275
)) (d:/texlive/2021/texmf-dist/tex/latex/amsmath/amsbsy.sty
Package: amsbsy 1999/11/29 v1.2d Bold Symbols
\pmbraise@=\dimen276
) (d:/texlive/2021/texmf-dist/tex/latex/amsmath/amsopn.sty
Package: amsopn 2016/03/08 v2.02 operator names
)
\inf@bad=\count309
LaTeX Info: Redefining \frac on input line 234.
\uproot@=\count310
\leftroot@=\count311
LaTeX Info: Redefining \overline on input line 399.
\classnum@=\count312
\DOTSCASE@=\count313
LaTeX Info: Redefining \ldots on input line 496.
LaTeX Info: Redefining \dots on input line 499.
LaTeX Info: Redefining \cdots on input line 620.
\Mathstrutbox@=\box73
\strutbox@=\box74
\big@size=\dimen277
LaTeX Font Info:    Redeclaring font encoding OML on input line 743.
LaTeX Font Info:    Redeclaring font encoding OMS on input line 744.
\macc@depth=\count314
\c@MaxMatrixCols=\count315
\dotsspace@=\muskip17
\c@parentequation=\count316
\dspbrk@lvl=\count317
\tag@help=\toks36
\row@=\count318
\column@=\count319
\maxfields@=\count320
\andhelp@=\toks37
\eqnshift@=\dimen278
\alignsep@=\dimen279
\tagshift@=\dimen280
\tagwidth@=\dimen281
\totwidth@=\dimen282
\lineht@=\dimen283
\@envbody=\toks38
\multlinegap=\skip62
\multlinetaggap=\skip63
\mathdisplay@stack=\toks39
LaTeX Info: Redefining \[ on input line 2923.
LaTeX Info: Redefining \] on input line 2924.
) (d:/texlive/2021/texmf-dist/tex/latex/amscls/amsthm.sty
Package: amsthm 2020/05/29 v2.20.6
\thm@style=\toks40
\thm@bodyfont=\toks41
\thm@headfont=\toks42
\thm@notefont=\toks43
\thm@headpunct=\toks44
\thm@preskip=\skip64
\thm@postskip=\skip65
\thm@headsep=\skip66
\dth@everypar=\toks45
)
\c@theorem=\count321
) (d:/texlive/2021/texmf-dist/tex/latex/beamer/beamerbasethemes.sty)) (d:/texlive/2021/texmf-dist/tex/latex/beamer/beamerthemedefault.sty (d:/texlive/2021/texmf-dist/tex/latex/beamer/beamerfontthemedefault.sty) (d:/texlive/2021/texmf-dist/tex/latex/beamer/beamercolorthemedefault.sty) (d:/texlive/2021/texmf-dist/tex/latex/beamer/beamerinnerthemedefault.sty
\beamer@dima=\dimen284
\beamer@dimb=\dimen285
) (d:/texlive/2021/texmf-dist/tex/latex/beamer/beamerouterthemedefault.sty))) (d:/texlive/2021/texmf-dist/tex/xelatex/xecjk/xeCJK.sty (d:/texlive/2021/texmf-dist/tex/latex/l3kernel/expl3.sty
Package: expl3 2021-02-18 L3 programming layer (loader) 
 (d:/texlive/2021/texmf-dist/tex/latex/l3backend/l3backend-xetex.def
File: l3backend-xetex.def 2021-03-18 L3 backend support: XeTeX
 (|extractbb --version)
\c__kernel_sys_dvipdfmx_version_int=\count322
\l__color_backend_stack_int=\count323
\g__color_backend_stack_int=\count324
\g__graphics_track_int=\count325
\l__pdf_internal_box=\box75
\g__pdf_backend_object_int=\count326
\g__pdf_backend_annotation_int=\count327
\g__pdf_backend_link_int=\count328
))
Package: xeCJK 2020/10/19 v3.8.6 Typesetting CJK scripts with XeLaTeX
 (d:/texlive/2021/texmf-dist/tex/latex/l3packages/l3keys2e/l3keys2e.sty
Package: l3keys2e 2021-03-12 LaTeX2e option processing using LaTeX3 keys
) (d:/texlive/2021/texmf-dist/tex/latex/l3packages/xtemplate/xtemplate.sty
Package: xtemplate 2021-03-12 L3 Experimental prototype document functions
\l__xtemplate_tmp_dim=\dimen286
\l__xtemplate_tmp_int=\count329
\l__xtemplate_tmp_muskip=\muskip18
\l__xtemplate_tmp_skip=\skip67
) (d:/texlive/2021/texmf-dist/tex/latex/l3packages/xparse/xparse.sty (d:/texlive/2021/texmf-dist/tex/latex/l3packages/xparse/xparse-2020-10-01.sty (d:/texlive/2021/texmf-dist/tex/latex/l3packages/xparse/xparse-generic.tex)))
\l__xeCJK_tmp_int=\count330
\l__xeCJK_tmp_box=\box76
\l__xeCJK_tmp_dim=\dimen287
\l__xeCJK_tmp_skip=\skip68
 (d:/texlive/2021/texmf-dist/tex/latex/ctex/ctexhook.sty
Package: ctexhook 2021/03/14 v2.5.6 Document and package hooks (CTEX)
)
\g__xeCJK_space_factor_int=\count331
\l__xeCJK_begin_int=\count332
\l__xeCJK_end_int=\count333
\c__xeCJK_CJK_class_int=\XeTeXcharclass1
\c__xeCJK_FullLeft_class_int=\XeTeXcharclass2
\c__xeCJK_FullRight_class_int=\XeTeXcharclass3
\c__xeCJK_HalfLeft_class_int=\XeTeXcharclass4
\c__xeCJK_HalfRight_class_int=\XeTeXcharclass5
\c__xeCJK_NormalSpace_class_int=\XeTeXcharclass6
\c__xeCJK_CM_class_int=\XeTeXcharclass7
\c__xeCJK_HangulJamo_class_int=\XeTeXcharclass8
\l__xeCJK_last_skip=\skip69
\g__xeCJK_node_int=\count334
\c__xeCJK_CJK_node_dim=\dimen288
\c__xeCJK_CJK-space_node_dim=\dimen289
\c__xeCJK_default_node_dim=\dimen290
\c__xeCJK_default-space_node_dim=\dimen291
\c__xeCJK_CJK-widow_node_dim=\dimen292
\c__xeCJK_normalspace_node_dim=\dimen293
\l__xeCJK_ccglue_skip=\skip70
\l__xeCJK_ecglue_skip=\skip71
\l__xeCJK_punct_kern_skip=\skip72
\l__xeCJK_last_penalty_int=\count335
\l__xeCJK_last_bound_dim=\dimen294
\l__xeCJK_last_kern_dim=\dimen295
\l__xeCJK_widow_penalty_int=\count336

Package xtemplate Info: Declaring object type 'xeCJK/punctuation' taking 0
(xtemplate)             argument(s) on line 2341.

\l__xeCJK_fixed_punct_width_dim=\dimen296
\l__xeCJK_mixed_punct_width_dim=\dimen297
\l__xeCJK_middle_punct_width_dim=\dimen298
\l__xeCJK_fixed_margin_width_dim=\dimen299
\l__xeCJK_mixed_margin_width_dim=\dimen300
\l__xeCJK_middle_margin_width_dim=\dimen301
\l__xeCJK_bound_punct_width_dim=\dimen302
\l__xeCJK_bound_margin_width_dim=\dimen303
\l__xeCJK_margin_minimum_dim=\dimen304
\l__xeCJK_kerning_total_width_dim=\dimen305
\l__xeCJK_same_align_margin_dim=\dimen306
\l__xeCJK_different_align_margin_dim=\dimen307
\l__xeCJK_kerning_margin_width_dim=\dimen308
\l__xeCJK_kerning_margin_minimum_dim=\dimen309
\l__xeCJK_bound_dim=\dimen310
\l__xeCJK_reverse_bound_dim=\dimen311
\l__xeCJK_margin_dim=\dimen312
\l__xeCJK_minimum_bound_dim=\dimen313
\l__xeCJK_kerning_margin_dim=\dimen314
\g__xeCJK_family_int=\count337
\l__xeCJK_fam_int=\count338
\g__xeCJK_fam_allocation_int=\count339
\l__xeCJK_verb_case_int=\count340
\l__xeCJK_verb_exspace_skip=\skip73
 (d:/texlive/2021/texmf-dist/tex/latex/fontspec/fontspec.sty
Package: fontspec 2020/02/21 v2.7i Font selection for XeLaTeX and LuaLaTeX
 (d:/texlive/2021/texmf-dist/tex/latex/fontspec/fontspec-xetex.sty
Package: fontspec-xetex 2020/02/21 v2.7i Font selection for XeLaTeX and LuaLaTeX
\l__fontspec_script_int=\count341
\l__fontspec_language_int=\count342
\l__fontspec_strnum_int=\count343
\l__fontspec_tmp_int=\count344
\l__fontspec_tmpa_int=\count345
\l__fontspec_tmpb_int=\count346
\l__fontspec_tmpc_int=\count347
\l__fontspec_em_int=\count348
\l__fontspec_emdef_int=\count349
\l__fontspec_strong_int=\count350
\l__fontspec_strongdef_int=\count351
\l__fontspec_tmpa_dim=\dimen315
\l__fontspec_tmpb_dim=\dimen316
\l__fontspec_tmpc_dim=\dimen317
 (d:/texlive/2021/texmf-dist/tex/latex/base/fontenc.sty
Package: fontenc 2020/08/10 v2.0s Standard LaTeX package
) (d:/texlive/2021/texmf-dist/tex/latex/fontspec/fontspec.cfg))) (d:/texlive/2021/texmf-dist/tex/xelatex/xecjk/xeCJK.cfg
File: xeCJK.cfg 2020/10/19 v3.8.6 Configuration file for xeCJK package
))

Package fontspec Info: Could not resolve font "KaiTi/B" (it probably doesn't
(fontspec)             exist).


Package fontspec Info: Could not resolve font "SimHei/I" (it probably doesn't
(fontspec)             exist).


Package fontspec Info: Could not resolve font "SimSun/BI" (it probably doesn't
(fontspec)             exist).


Package fontspec Info: Font family 'SimSun(0)' created for font 'SimSun' with
(fontspec)             options
(fontspec)             [Script={CJK},BoldFont={SimHei},ItalicFont={KaiTi}].
(fontspec)              
(fontspec)              This font family consists of the following NFSS
(fontspec)             series/shapes:
(fontspec)              
(fontspec)             - 'normal' (m/n) with NFSS spec.:
(fontspec)             <->"SimSun/OT:script=hani;language=dflt;"
(fontspec)             - 'small caps'  (m/sc) with NFSS spec.: 
(fontspec)             - 'bold' (b/n) with NFSS spec.:
(fontspec)             <->"SimHei/OT:script=hani;language=dflt;"
(fontspec)             - 'bold small caps'  (b/sc) with NFSS spec.: 
(fontspec)             - 'italic' (m/it) with NFSS spec.:
(fontspec)             <->"KaiTi/OT:script=hani;language=dflt;"
(fontspec)             - 'italic small caps'  (m/scit) with NFSS spec.: 

 (d:/texlive/2021/texmf-dist/tex/latex/base/latexsym.sty
Package: latexsym 1998/08/17 v2.2e Standard LaTeX package (lasy symbols)
\symlasy=\mathgroup6
LaTeX Font Info:    Overwriting symbol font `lasy' in version `bold'
(Font)                  U/lasy/m/n --> U/lasy/b/n on input line 52.
) (d:/texlive/2021/texmf-dist/tex/latex/tools/multicol.sty
Package: multicol 2019/12/09 v1.8y multicolumn formatting (FMi)
\c@tracingmulticols=\count352
\mult@box=\box77
\multicol@leftmargin=\dimen318
\c@unbalance=\count353
\c@collectmore=\count354
\doublecol@number=\count355
\multicoltolerance=\count356
\multicolpretolerance=\count357
\full@width=\dimen319
\page@free=\dimen320
\premulticols=\dimen321
\postmulticols=\dimen322
\multicolsep=\skip74
\multicolbaselineskip=\skip75
\partial@page=\box78
\last@line=\box79
\maxbalancingoverflow=\dimen323
\mult@rightbox=\box80
\mult@grightbox=\box81
\mult@gfirstbox=\box82
\mult@firstbox=\box83
\@tempa=\box84
\@tempa=\box85
\@tempa=\box86
\@tempa=\box87
\@tempa=\box88
\@tempa=\box89
\@tempa=\box90
\@tempa=\box91
\@tempa=\box92
\@tempa=\box93
\@tempa=\box94
\@tempa=\box95
\@tempa=\box96
\@tempa=\box97
\@tempa=\box98
\@tempa=\box99
\@tempa=\box100
\@tempa=\box101
\@tempa=\box102
\@tempa=\box103
\@tempa=\box104
\@tempa=\box105
\@tempa=\box106
\@tempa=\box107
\@tempa=\box108
\@tempa=\box109
\@tempa=\box110
\@tempa=\box111
\@tempa=\box112
\@tempa=\box113
\@tempa=\box114
\@tempa=\box115
\@tempa=\box116
\@tempa=\box117
\@tempa=\box118
\@tempa=\box119
\@tempa=\box120
\c@minrows=\count358
\c@columnbadness=\count359
\c@finalcolumnbadness=\count360
\last@try=\dimen324
\multicolovershoot=\dimen325
\multicolundershoot=\dimen326
\mult@nat@firstbox=\box121
\colbreak@box=\box122
\mc@col@check@num=\count361
) (d:/texlive/2021/texmf-dist/tex/latex/wrapfig/wrapfig.sty
\wrapoverhang=\dimen327
\WF@size=\dimen328
\c@WF@wrappedlines=\count362
\WF@box=\box123
\WF@everypar=\toks46
Package: wrapfig 2003/01/31  v 3.6
) (d:/texlive/2021/texmf-dist/tex/latex/fancybox/fancybox.sty
Package: fancybox 2010/05/15 1.4

Style option: `fancybox' v1.4 <2010/05/15> (tvz)
\@fancybox=\box124
\shadowsize=\dimen329
\@Sbox=\box125
\do@VerbBox=\toks47
\the@fancyput=\toks48
\this@fancyput=\toks49
\EndVerbatimTokens=\toks50
\Verbatim@Outfile=\write5
\Verbatim@Infile=\read3
) (d:/texlive/2021/texmf-dist/tex/latex/pgf/basiclayer/pgf.sty
Package: pgf 2020/12/27 v3.1.8b (3.1.8b)
 (d:/texlive/2021/texmf-dist/tex/generic/pgf/modules/pgfmoduleshapes.code.tex
File: pgfmoduleshapes.code.tex 2020/12/27 v3.1.8b (3.1.8b)
\pgfnodeparttextbox=\box126
) (d:/texlive/2021/texmf-dist/tex/generic/pgf/modules/pgfmoduleplot.code.tex
File: pgfmoduleplot.code.tex 2020/12/27 v3.1.8b (3.1.8b)
) (d:/texlive/2021/texmf-dist/tex/latex/pgf/compatibility/pgfcomp-version-0-65.sty
Package: pgfcomp-version-0-65 2020/12/27 v3.1.8b (3.1.8b)
\pgf@nodesepstart=\dimen330
\pgf@nodesepend=\dimen331
) (d:/texlive/2021/texmf-dist/tex/latex/pgf/compatibility/pgfcomp-version-1-18.sty
Package: pgfcomp-version-1-18 2020/12/27 v3.1.8b (3.1.8b)
)) (d:/texlive/2021/texmf-dist/tex/latex/pgf/compatibility/pgfarrows.sty
Package: pgfarrows 2020/12/27 v3.1.8b (3.1.8b)


Package pgfarrows Warning: This package is obsolete. pgf.sty will load arrow management automatically on input line 17.

) (d:/texlive/2021/texmf-dist/tex/latex/pgf/compatibility/pgfnodes.sty
Package: pgfnodes 2020/12/27 v3.1.8b (3.1.8b)


Package pgfnodes Warning: This package is obsolete. pgf.sty will load node management automatically on input line 17.

) (d:/texlive/2021/texmf-dist/tex/latex/pgf/compatibility/pgfautomata.sty
Package: pgfautomata 2020/12/27 v3.1.8b (3.1.8b)


Package pgfautomata Warning: This package is obsolete. on input line 17.

\pgf@stateradius=\dimen332
\pgf@mooreradius=\dimen333
\pgf@doublethickness=\dimen334
\pgf@statebackoff=\dimen335
) (d:/texlive/2021/texmf-dist/tex/latex/pgf/compatibility/pgfheaps.sty
Package: pgfheaps 2020/12/27 v3.1.8b (3.1.8b)


Package pgfheaps Warning: This package is obsolete. on input line 16.

\pgf@heapx=\dimen336
\pgf@heapy=\dimen337
) (d:/texlive/2021/texmf-dist/tex/latex/pgf/compatibility/pgfshade.sty
Package: pgfshade 2020/12/27 v3.1.8b (3.1.8b)


Package pgfshade Warning: This package is obsolete. pgf.sty will load shade management automatically on input line 17.

) (./hkust-beamer.sty (d:/texlive/2021/texmf-dist/tex/latex/beamer/beamerouterthememiniframes.sty) (d:/texlive/2021/texmf-dist/tex/latex/beamer/beamerinnerthemerectangles.sty) (d:/texlive/2021/texmf-dist/tex/latex/beamer/beamercolorthemewhale.sty) (d:/texlive/2021/texmf-dist/tex/latex/beamer/beamercolorthemeorchid.sty)) (d:/texlive/2021/texmf-dist/tex/latex/biblatex/biblatex.sty
Package: biblatex 2020/12/31 v3.16 programmable bibliographies (PK/MW)
 (d:/texlive/2021/texmf-dist/tex/latex/logreq/logreq.sty
Package: logreq 2010/08/04 v1.0 xml request logger
\lrq@indent=\count363
 (d:/texlive/2021/texmf-dist/tex/latex/logreq/logreq.def
File: logreq.def 2010/08/04 v1.0 logreq spec v1.0
)) (d:/texlive/2021/texmf-dist/tex/latex/base/ifthen.sty
Package: ifthen 2014/09/29 v1.1c Standard LaTeX ifthen package (DPC)
)
\c@tabx@nest=\count364
\c@listtotal=\count365
\c@listcount=\count366
\c@liststart=\count367
\c@liststop=\count368
\c@citecount=\count369
\c@citetotal=\count370
\c@multicitecount=\count371
\c@multicitetotal=\count372
\c@instcount=\count373
\c@maxnames=\count374
\c@minnames=\count375
\c@maxitems=\count376
\c@minitems=\count377
\c@citecounter=\count378
\c@maxcitecounter=\count379
\c@savedcitecounter=\count380
\c@uniquelist=\count381
\c@uniquename=\count382
\c@refsection=\count383
\c@refsegment=\count384
\c@maxextratitle=\count385
\c@maxextratitleyear=\count386
\c@maxextraname=\count387
\c@maxextradate=\count388
\c@maxextraalpha=\count389
\c@abbrvpenalty=\count390
\c@highnamepenalty=\count391
\c@lownamepenalty=\count392
\c@maxparens=\count393
\c@parenlevel=\count394
\blx@tempcnta=\count395
\blx@tempcntb=\count396
\blx@tempcntc=\count397
\blx@maxsection=\count398
\blx@maxsegment@0=\count399
\blx@notetype=\count400
\blx@parenlevel@text=\count401
\blx@parenlevel@foot=\count402
\blx@sectionciteorder@0=\count403
\blx@entrysetcounter=\count404
\blx@biblioinstance=\count405
\labelnumberwidth=\skip76
\labelalphawidth=\skip77
\biblabelsep=\skip78
\bibitemsep=\skip79
\bibnamesep=\skip80
\bibinitsep=\skip81
\bibparsep=\skip82
\bibhang=\skip83
\blx@bcfin=\read4
\blx@bcfout=\write6
\blx@langwohyphens=\language87
\c@mincomprange=\count406
\c@maxcomprange=\count407
\c@mincompwidth=\count408
Package biblatex Info: Trying to load biblatex default data model...
Package biblatex Info: ... file 'blx-dm.def' found.
 (d:/texlive/2021/texmf-dist/tex/latex/biblatex/blx-dm.def
File: blx-dm.def 2020/12/31 v3.16 biblatex localization (PK/MW)
)
Package biblatex Info: Trying to load biblatex custom data model...
Package biblatex Info: ... file 'biblatex-dm.cfg' not found.
\c@afterword=\count409
\c@savedafterword=\count410
\c@annotator=\count411
\c@savedannotator=\count412
\c@author=\count413
\c@savedauthor=\count414
\c@bookauthor=\count415
\c@savedbookauthor=\count416
\c@commentator=\count417
\c@savedcommentator=\count418
\c@editor=\count419
\c@savededitor=\count420
\c@editora=\count421
\c@savededitora=\count422
\c@editorb=\count423
\c@savededitorb=\count424
\c@editorc=\count425
\c@savededitorc=\count426
\c@foreword=\count427
\c@savedforeword=\count428
\c@holder=\count429
\c@savedholder=\count430
\c@introduction=\count431
\c@savedintroduction=\count432
\c@namea=\count433
\c@savednamea=\count434
\c@nameb=\count435
\c@savednameb=\count436
\c@namec=\count437
\c@savednamec=\count438
\c@translator=\count439
\c@savedtranslator=\count440
\c@shortauthor=\count441
\c@savedshortauthor=\count442
\c@shorteditor=\count443
\c@savedshorteditor=\count444
\c@labelname=\count445
\c@savedlabelname=\count446
\c@institution=\count447
\c@savedinstitution=\count448
\c@lista=\count449
\c@savedlista=\count450
\c@listb=\count451
\c@savedlistb=\count452
\c@listc=\count453
\c@savedlistc=\count454
\c@listd=\count455
\c@savedlistd=\count456
\c@liste=\count457
\c@savedliste=\count458
\c@listf=\count459
\c@savedlistf=\count460
\c@location=\count461
\c@savedlocation=\count462
\c@organization=\count463
\c@savedorganization=\count464
\c@origlocation=\count465
\c@savedoriglocation=\count466
\c@origpublisher=\count467
\c@savedorigpublisher=\count468
\c@publisher=\count469
\c@savedpublisher=\count470
\c@language=\count471
\c@savedlanguage=\count472
\c@origlanguage=\count473
\c@savedoriglanguage=\count474
\c@pageref=\count475
\c@savedpageref=\count476
\shorthandwidth=\skip84
\shortjournalwidth=\skip85
\shortserieswidth=\skip86
\shorttitlewidth=\skip87
\shortauthorwidth=\skip88
\shorteditorwidth=\skip89
\locallabelnumberwidth=\skip90
\locallabelalphawidth=\skip91
\localshorthandwidth=\skip92
\localshortjournalwidth=\skip93
\localshortserieswidth=\skip94
\localshorttitlewidth=\skip95
\localshortauthorwidth=\skip96
\localshorteditorwidth=\skip97
Package biblatex Info: Trying to load enhanced support for Unicode engines...
Package biblatex Info: ... file 'blx-unicode.def' found.
 (d:/texlive/2021/texmf-dist/tex/latex/biblatex/blx-unicode.def)
Package biblatex Info: Trying to load compatibility code...
Package biblatex Info: ... file 'blx-compat.def' found.
 (d:/texlive/2021/texmf-dist/tex/latex/biblatex/blx-compat.def
File: blx-compat.def 2020/12/31 v3.16 biblatex compatibility (PK/MW)
)
Package biblatex Info: Trying to load BibTeX backend compatibility...
Package biblatex Info: ... file 'blx-bibtex.def' found.
 (d:/texlive/2021/texmf-dist/tex/latex/biblatex/blx-bibtex.def
File: blx-bibtex.def 2020/12/31 v3.16 biblatex compatibility (PK/MW)


Package biblatex Warning: Using fall-back BibTeX(8) backend:
(biblatex)                functionality may be reduced/unavailable.

)
Package biblatex Info: Trying to load generic definitions...
Package biblatex Info: ... file 'biblatex.def' found.
 (d:/texlive/2021/texmf-dist/tex/latex/biblatex/biblatex.def
File: biblatex.def 2020/12/31 v3.16 biblatex compatibility (PK/MW)
\c@textcitecount=\count477
\c@textcitetotal=\count478
\c@textcitemaxnames=\count479
\c@biburlbigbreakpenalty=\count480
\c@biburlbreakpenalty=\count481
\c@biburlnumpenalty=\count482
\c@biburlucpenalty=\count483
\c@biburllcpenalty=\count484
\biburlbigskip=\muskip19
\biburlnumskip=\muskip20
\biburlucskip=\muskip21
\biburllcskip=\muskip22
\c@smartand=\count485
)
Package biblatex Info: Trying to load bibliography style 'numeric'...
Package biblatex Info: ... file 'numeric.bbx' found.
 (d:/texlive/2021/texmf-dist/tex/latex/biblatex/bbx/numeric.bbx
File: numeric.bbx 2020/12/31 v3.16 biblatex bibliography style (PK/MW)
Package biblatex Info: Trying to load bibliography style 'standard'...
Package biblatex Info: ... file 'standard.bbx' found.
 (d:/texlive/2021/texmf-dist/tex/latex/biblatex/bbx/standard.bbx
File: standard.bbx 2020/12/31 v3.16 biblatex bibliography style (PK/MW)
\c@bbx:relatedcount=\count486
\c@bbx:relatedtotal=\count487
))
Package biblatex Info: Trying to load citation style 'numeric'...
Package biblatex Info: ... file 'numeric.cbx' found.
 (d:/texlive/2021/texmf-dist/tex/latex/biblatex/cbx/numeric.cbx
File: numeric.cbx 2020/12/31 v3.16 biblatex citation style (PK/MW)
Package biblatex Info: Redefining '\cite'.
Package biblatex Info: Redefining '\parencite'.
Package biblatex Info: Redefining '\footcite'.
Package biblatex Info: Redefining '\footcitetext'.
Package biblatex Info: Redefining '\smartcite'.
Package biblatex Info: Redefining '\supercite'.
Package biblatex Info: Redefining '\textcite'.
Package biblatex Info: Redefining '\textcites'.
Package biblatex Info: Redefining '\cites'.
Package biblatex Info: Redefining '\parencites'.
Package biblatex Info: Redefining '\smartcites'.
)
Package biblatex Info: Trying to load configuration file...
Package biblatex Info: ... file 'biblatex.cfg' found.
 (d:/texlive/2021/texmf-dist/tex/latex/biblatex/biblatex.cfg
File: biblatex.cfg 
))
\sympureletters=\mathgroup7
LaTeX Font Info:    Overwriting symbol font `pureletters' in version `bold'
(Font)                  OT1/mathkerncmss/m/sl --> OT1/mathkerncmss/bx/sl on input line 19.
 (d:/texlive/2021/texmf-dist/tex/latex/tools/bm.sty
Package: bm 2019/07/24 v1.2d Bold Symbol Support (DPC/FMi)
\symboldoperators=\mathgroup8
\symboldletters=\mathgroup9
\symboldsymbols=\mathgroup10
\symboldlasy=\mathgroup11
LaTeX Font Info:    Redeclaring math alphabet \mathbf on input line 141.
LaTeX Info: Redefining \bm on input line 209.
) (d:/texlive/2021/texmf-dist/tex/latex/caption/caption.sty
Package: caption 2020/10/26 v3.5g Customizing captions (AR)
 (d:/texlive/2021/texmf-dist/tex/latex/caption/caption3.sty
Package: caption3 2020/10/21 v2.2e caption3 kernel (AR)
\captionmargin=\dimen338
\captionmargin@=\dimen339
\captionwidth=\dimen340
\caption@tempdima=\dimen341
\caption@indent=\dimen342
\caption@parindent=\dimen343
\caption@hangindent=\dimen344
Package caption Info: beamer document class detected.
 (d:/texlive/2021/texmf-dist/tex/latex/caption/caption-beamer.sto
File: caption-beamer.sto 2020/08/22 v2.0 Adaption of the caption package to the beamer document classes (AR)
))
\c@caption@flags=\count488
\c@continuedfloat=\count489
Package caption Info: hyperref package is loaded.
Package caption Info: Hyperref support is turned off
(caption)             because hyperref has stopped early.
Package caption Info: wrapfig package is loaded.
) (d:/texlive/2021/texmf-dist/tex/latex/subfig/subfig.sty
Package: subfig 2005/06/28 ver: 1.3 subfig package
\c@KVtest=\count490
\sf@farskip=\skip98
\sf@captopadj=\dimen345
\sf@capskip=\skip99
\sf@nearskip=\skip100
\c@subfigure=\count491
\c@subfigure@save=\count492
\c@depth=\count493
\c@subtable=\count494
\c@subtable@save=\count495
\sf@top=\skip101
\sf@bottom=\skip102
) (d:/texlive/2021/texmf-dist/tex/latex/multirow/multirow.sty
Package: multirow 2021/03/15 v2.8 Span multiple rows of a table
\multirow@colwidth=\skip103
\multirow@cntb=\count496
\multirow@dima=\skip104
\bigstrutjot=\dimen346
) (d:/texlive/2021/texmf-dist/tex/latex/booktabs/booktabs.sty
Package: booktabs 2020/01/12 v1.61803398 Publication quality tables
\heavyrulewidth=\dimen347
\lightrulewidth=\dimen348
\cmidrulewidth=\dimen349
\belowrulesep=\dimen350
\belowbottomsep=\dimen351
\aboverulesep=\dimen352
\abovetopsep=\dimen353
\cmidrulesep=\dimen354
\cmidrulekern=\dimen355
\defaultaddspace=\dimen356
\@cmidla=\count497
\@cmidlb=\count498
\@aboverulesep=\dimen357
\@belowrulesep=\dimen358
\@thisruleclass=\count499
\@lastruleclass=\count500
\@thisrulewidth=\dimen359
) (d:/texlive/2021/texmf-dist/tex/latex/pgf/frontendlayer/tikz.sty (d:/texlive/2021/texmf-dist/tex/latex/pgf/utilities/pgffor.sty (d:/texlive/2021/texmf-dist/tex/latex/pgf/utilities/pgfkeys.sty (d:/texlive/2021/texmf-dist/tex/generic/pgf/utilities/pgfkeys.code.tex)) (d:/texlive/2021/texmf-dist/tex/latex/pgf/math/pgfmath.sty (d:/texlive/2021/texmf-dist/tex/generic/pgf/math/pgfmath.code.tex)) (d:/texlive/2021/texmf-dist/tex/generic/pgf/utilities/pgffor.code.tex
Package: pgffor 2020/12/27 v3.1.8b (3.1.8b)
 (d:/texlive/2021/texmf-dist/tex/generic/pgf/math/pgfmath.code.tex)
\pgffor@iter=\dimen360
\pgffor@skip=\dimen361
\pgffor@stack=\toks51
\pgffor@toks=\toks52
)) (d:/texlive/2021/texmf-dist/tex/generic/pgf/frontendlayer/tikz/tikz.code.tex
Package: tikz 2020/12/27 v3.1.8b (3.1.8b)
 (d:/texlive/2021/texmf-dist/tex/generic/pgf/libraries/pgflibraryplothandlers.code.tex
File: pgflibraryplothandlers.code.tex 2020/12/27 v3.1.8b (3.1.8b)
\pgf@plot@mark@count=\count501
\pgfplotmarksize=\dimen362
)
\tikz@lastx=\dimen363
\tikz@lasty=\dimen364
\tikz@lastxsaved=\dimen365
\tikz@lastysaved=\dimen366
\tikz@lastmovetox=\dimen367
\tikz@lastmovetoy=\dimen368
\tikzleveldistance=\dimen369
\tikzsiblingdistance=\dimen370
\tikz@figbox=\box127
\tikz@figbox@bg=\box128
\tikz@tempbox=\box129
\tikz@tempbox@bg=\box130
\tikztreelevel=\count502
\tikznumberofchildren=\count503
\tikznumberofcurrentchild=\count504
\tikz@fig@count=\count505
 (d:/texlive/2021/texmf-dist/tex/generic/pgf/modules/pgfmodulematrix.code.tex
File: pgfmodulematrix.code.tex 2020/12/27 v3.1.8b (3.1.8b)
\pgfmatrixcurrentrow=\count506
\pgfmatrixcurrentcolumn=\count507
\pgf@matrix@numberofcolumns=\count508
)
\tikz@expandcount=\count509
 (d:/texlive/2021/texmf-dist/tex/generic/pgf/frontendlayer/tikz/libraries/tikzlibrarytopaths.code.tex
File: tikzlibrarytopaths.code.tex 2020/12/27 v3.1.8b (3.1.8b)
))) (d:/texlive/2021/texmf-dist/tex/latex/tikzscale/tikzscale.sty
Package: tikzscale 2013/05/22 v0.2.6 tikzscale LaTeX package
 (d:/texlive/2021/texmf-dist/tex/generic/xstring/xstring.sty (d:/texlive/2021/texmf-dist/tex/generic/xstring/xstring.tex
\integerpart=\count510
Invalid UTF-8 byte or sequence at line 35 replaced by U+FFFD.
\decimalpart=\count511
Invalid UTF-8 byte or sequence at line 79 replaced by U+FFFD.
Invalid UTF-8 byte or sequence at line 79 replaced by U+FFFD.
Invalid UTF-8 byte or sequence at line 83 replaced by U+FFFD.
Invalid UTF-8 byte or sequence at line 86 replaced by U+FFFD.
Invalid UTF-8 byte or sequence at line 102 replaced by U+FFFD.
Invalid UTF-8 byte or sequence at line 114 replaced by U+FFFD.
Invalid UTF-8 byte or sequence at line 120 replaced by U+FFFD.
Invalid UTF-8 byte or sequence at line 125 replaced by U+FFFD.
Invalid UTF-8 byte or sequence at line 147 replaced by U+FFFD.
Invalid UTF-8 byte or sequence at line 147 replaced by U+FFFD.
Invalid UTF-8 byte or sequence at line 147 replaced by U+FFFD.
Invalid UTF-8 byte or sequence at line 182 replaced by U+FFFD.
Invalid UTF-8 byte or sequence at line 182 replaced by U+FFFD.
Invalid UTF-8 byte or sequence at line 182 replaced by U+FFFD.
Invalid UTF-8 byte or sequence at line 183 replaced by U+FFFD.
Invalid UTF-8 byte or sequence at line 184 replaced by U+FFFD.
Invalid UTF-8 byte or sequence at line 185 replaced by U+FFFD.
Invalid UTF-8 byte or sequence at line 185 replaced by U+FFFD.
Invalid UTF-8 byte or sequence at line 185 replaced by U+FFFD.
Invalid UTF-8 byte or sequence at line 189 replaced by U+FFFD.
Invalid UTF-8 byte or sequence at line 189 replaced by U+FFFD.
Invalid UTF-8 byte or sequence at line 190 replaced by U+FFFD.
Invalid UTF-8 byte or sequence at line 190 replaced by U+FFFD.
Invalid UTF-8 byte or sequence at line 193 replaced by U+FFFD.
Invalid UTF-8 byte or sequence at line 208 replaced by U+FFFD.
Invalid UTF-8 byte or sequence at line 208 replaced by U+FFFD.
Invalid UTF-8 byte or sequence at line 208 replaced by U+FFFD.
Invalid UTF-8 byte or sequence at line 208 replaced by U+FFFD.
Invalid UTF-8 byte or sequence at line 208 replaced by U+FFFD.
Invalid UTF-8 byte or sequence at line 208 replaced by U+FFFD.
Invalid UTF-8 byte or sequence at line 221 replaced by U+FFFD.
Invalid UTF-8 byte or sequence at line 221 replaced by U+FFFD.
Invalid UTF-8 byte or sequence at line 241 replaced by U+FFFD.
Invalid UTF-8 byte or sequence at line 241 replaced by U+FFFD.
Invalid UTF-8 byte or sequence at line 241 replaced by U+FFFD.
Invalid UTF-8 byte or sequence at line 241 replaced by U+FFFD.
Invalid UTF-8 byte or sequence at line 266 replaced by U+FFFD.
Invalid UTF-8 byte or sequence at line 284 replaced by U+FFFD.
Invalid UTF-8 byte or sequence at line 295 replaced by U+FFFD.
Invalid UTF-8 byte or sequence at line 300 replaced by U+FFFD.
Invalid UTF-8 byte or sequence at line 300 replaced by U+FFFD.
Invalid UTF-8 byte or sequence at line 301 replaced by U+FFFD.
Invalid UTF-8 byte or sequence at line 301 replaced by U+FFFD.
Invalid UTF-8 byte or sequence at line 301 replaced by U+FFFD.
Invalid UTF-8 byte or sequence at line 302 replaced by U+FFFD.
Invalid UTF-8 byte or sequence at line 303 replaced by U+FFFD.
Invalid UTF-8 byte or sequence at line 332 replaced by U+FFFD.
Invalid UTF-8 byte or sequence at line 332 replaced by U+FFFD.
Invalid UTF-8 byte or sequence at line 332 replaced by U+FFFD.
Invalid UTF-8 byte or sequence at line 332 replaced by U+FFFD.
Invalid UTF-8 byte or sequence at line 333 replaced by U+FFFD.
Invalid UTF-8 byte or sequence at line 334 replaced by U+FFFD.
Invalid UTF-8 byte or sequence at line 334 replaced by U+FFFD.
Invalid UTF-8 byte or sequence at line 334 replaced by U+FFFD.
Invalid UTF-8 byte or sequence at line 406 replaced by U+FFFD.
Invalid UTF-8 byte or sequence at line 406 replaced by U+FFFD.
Invalid UTF-8 byte or sequence at line 409 replaced by U+FFFD.
Invalid UTF-8 byte or sequence at line 410 replaced by U+FFFD.
Invalid UTF-8 byte or sequence at line 428 replaced by U+FFFD.
Invalid UTF-8 byte or sequence at line 434 replaced by U+FFFD.
Invalid UTF-8 byte or sequence at line 457 replaced by U+FFFD.
Invalid UTF-8 byte or sequence at line 457 replaced by U+FFFD.
Invalid UTF-8 byte or sequence at line 464 replaced by U+FFFD.
Invalid UTF-8 byte or sequence at line 464 replaced by U+FFFD.
Invalid UTF-8 byte or sequence at line 466 replaced by U+FFFD.
Invalid UTF-8 byte or sequence at line 466 replaced by U+FFFD.
Invalid UTF-8 byte or sequence at line 541 replaced by U+FFFD.
Invalid UTF-8 byte or sequence at line 541 replaced by U+FFFD.
Invalid UTF-8 byte or sequence at line 541 replaced by U+FFFD.
Invalid UTF-8 byte or sequence at line 586 replaced by U+FFFD.
Invalid UTF-8 byte or sequence at line 586 replaced by U+FFFD.
Invalid UTF-8 byte or sequence at line 588 replaced by U+FFFD.
Invalid UTF-8 byte or sequence at line 588 replaced by U+FFFD.
Invalid UTF-8 byte or sequence at line 595 replaced by U+FFFD.
Invalid UTF-8 byte or sequence at line 597 replaced by U+FFFD.
Invalid UTF-8 byte or sequence at line 599 replaced by U+FFFD.
Invalid UTF-8 byte or sequence at line 602 replaced by U+FFFD.
Invalid UTF-8 byte or sequence at line 605 replaced by U+FFFD.
Invalid UTF-8 byte or sequence at line 605 replaced by U+FFFD.
Invalid UTF-8 byte or sequence at line 610 replaced by U+FFFD.
Invalid UTF-8 byte or sequence at line 615 replaced by U+FFFD.
Invalid UTF-8 byte or sequence at line 632 replaced by U+FFFD.
Invalid UTF-8 byte or sequence at line 632 replaced by U+FFFD.
Invalid UTF-8 byte or sequence at line 633 replaced by U+FFFD.
Invalid UTF-8 byte or sequence at line 635 replaced by U+FFFD.
Invalid UTF-8 byte or sequence at line 637 replaced by U+FFFD.
Invalid UTF-8 byte or sequence at line 647 replaced by U+FFFD.
Invalid UTF-8 byte or sequence at line 653 replaced by U+FFFD.
Invalid UTF-8 byte or sequence at line 678 replaced by U+FFFD.
Invalid UTF-8 byte or sequence at line 700 replaced by U+FFFD.
Invalid UTF-8 byte or sequence at line 705 replaced by U+FFFD.
Invalid UTF-8 byte or sequence at line 715 replaced by U+FFFD.
Invalid UTF-8 byte or sequence at line 715 replaced by U+FFFD.
Invalid UTF-8 byte or sequence at line 715 replaced by U+FFFD.
Invalid UTF-8 byte or sequence at line 719 replaced by U+FFFD.
Invalid UTF-8 byte or sequence at line 732 replaced by U+FFFD.
Invalid UTF-8 byte or sequence at line 732 replaced by U+FFFD.
Invalid UTF-8 byte or sequence at line 741 replaced by U+FFFD.
Invalid UTF-8 byte or sequence at line 741 replaced by U+FFFD.
Invalid UTF-8 byte or sequence at line 742 replaced by U+FFFD.
Invalid UTF-8 byte or sequence at line 742 replaced by U+FFFD.
Invalid UTF-8 byte or sequence at line 762 replaced by U+FFFD.
Invalid UTF-8 byte or sequence at line 773 replaced by U+FFFD.
Invalid UTF-8 byte or sequence at line 773 replaced by U+FFFD.
Invalid UTF-8 byte or sequence at line 774 replaced by U+FFFD.
Invalid UTF-8 byte or sequence at line 774 replaced by U+FFFD.
Invalid UTF-8 byte or sequence at line 774 replaced by U+FFFD.
Invalid UTF-8 byte or sequence at line 797 replaced by U+FFFD.
Invalid UTF-8 byte or sequence at line 797 replaced by U+FFFD.
Invalid UTF-8 byte or sequence at line 810 replaced by U+FFFD.
Invalid UTF-8 byte or sequence at line 824 replaced by U+FFFD.
Invalid UTF-8 byte or sequence at line 824 replaced by U+FFFD.
Invalid UTF-8 byte or sequence at line 831 replaced by U+FFFD.
Invalid UTF-8 byte or sequence at line 838 replaced by U+FFFD.
Invalid UTF-8 byte or sequence at line 838 replaced by U+FFFD.
Invalid UTF-8 byte or sequence at line 846 replaced by U+FFFD.
Invalid UTF-8 byte or sequence at line 846 replaced by U+FFFD.
Invalid UTF-8 byte or sequence at line 861 replaced by U+FFFD.
Invalid UTF-8 byte or sequence at line 862 replaced by U+FFFD.
Invalid UTF-8 byte or sequence at line 864 replaced by U+FFFD.
Invalid UTF-8 byte or sequence at line 864 replaced by U+FFFD.
Invalid UTF-8 byte or sequence at line 908 replaced by U+FFFD.
Invalid UTF-8 byte or sequence at line 909 replaced by U+FFFD.
Invalid UTF-8 byte or sequence at line 909 replaced by U+FFFD.
Invalid UTF-8 byte or sequence at line 934 replaced by U+FFFD.
Invalid UTF-8 byte or sequence at line 934 replaced by U+FFFD.
Invalid UTF-8 byte or sequence at line 936 replaced by U+FFFD.
Invalid UTF-8 byte or sequence at line 936 replaced by U+FFFD.
Invalid UTF-8 byte or sequence at line 940 replaced by U+FFFD.
Invalid UTF-8 byte or sequence at line 940 replaced by U+FFFD.
Invalid UTF-8 byte or sequence at line 962 replaced by U+FFFD.
Invalid UTF-8 byte or sequence at line 962 replaced by U+FFFD.
Invalid UTF-8 byte or sequence at line 964 replaced by U+FFFD.
Invalid UTF-8 byte or sequence at line 965 replaced by U+FFFD.
Invalid UTF-8 byte or sequence at line 1006 replaced by U+FFFD.
)
Package: xstring 2019/02/06 v1.83 String manipulations (CT)
)
\tikzscale@measuredSize=\box131
) (d:/texlive/2021/texmf-dist/tex/latex/animate/animate.sty
Package: animate 2020/10/07 PDF & SVG animations from files and inline graphics
 (d:/texlive/2021/texmf-dist/tex/latex/xkeyval/xkeyval.sty
Package: xkeyval 2020/11/20 v2.8 package option processing (HA)
 (d:/texlive/2021/texmf-dist/tex/generic/xkeyval/xkeyval.tex (d:/texlive/2021/texmf-dist/tex/generic/xkeyval/xkvutils.tex
\XKV@toks=\toks53
\XKV@tempa@toks=\toks54
)
\XKV@depth=\count512
File: xkeyval.tex 2014/12/03 v2.7a key=value parser (HA)
)) (d:/texlive/2021/texmf-dist/tex/latex/oberdiek/ifdraft.sty
Package: ifdraft 2016/05/16 v1.4 Detect class options draft and final (HO)
) (d:/texlive/2021/texmf-dist/tex/latex/tools/calc.sty
Package: calc 2017/05/25 v4.3 Infix arithmetic (KKT,FJ)
\calc@Acount=\count513
\calc@Bcount=\count514
\calc@Adimen=\dimen371
\calc@Bdimen=\dimen372
\calc@Askip=\skip105
\calc@Bskip=\skip106
LaTeX Info: Redefining \setlength on input line 80.
LaTeX Info: Redefining \addtolength on input line 81.
\calc@Ccount=\count515
\calc@Cskip=\skip107
) (d:/texlive/2021/texmf-dist/tex/latex/zref/zref-abspage.sty
Package: zref-abspage 2020-07-03 v2.32 Module abspage for zref (HO)
 (d:/texlive/2021/texmf-dist/tex/latex/zref/zref-base.sty
Package: zref-base 2020-07-03 v2.32 Module base for zref (HO)
Package zref Info: New property list: main on input line 764.
Package zref Info: New property: default on input line 765.
Package zref Info: New property: page on input line 766.
)
\c@abspage=\count516
Package zref Info: New property: abspage on input line 66.
) (d:/texlive/2021/texmf-dist/tex/latex/media9/pdfbase.sty
Package: pdfbase 2021/03/01 v0.46 driver independent access to low-level PDF features
\g_pbs_page_int=\count517
\g_pbs_obj_int=\count518
\g_pbs_oc_int=\count519
) (d:/texlive/2021/texmf-dist/tex/latex/ocgx2/ocgbase.sty
Package: ocgbase 2021/01/25 v0.18 support package for ocgx2.sty
\g_ocgbase_nd_int=\count520
)
\@anim@box=\box132
\@anim@measbox=\box133
\@anim@tmpdima=\dimen373
\@anim@tmpdimb=\dimen374
\@anim@num=\count521
\@anim@curframe=\count522
\@anim@curframe@zb=\count523
\@anim@resizeflags=\count524
\@anim@skipfram=\count525
\@anim@mulframecnt=\count526
\@anim@@tmlnfile=\read5
\@anim@tmpcnt=\count527
\c@@anim@ltxcnt=\count528
\@anim@curlayer=\count529
\@anim@lineno=\count530
\@anim@curfield=\count531
\@anim@@resizeflags=\count532
) (d:/texlive/2021/texmf-dist/tex/generic/systeme/systeme.sty (d:/texlive/2021/texmf-dist/tex/generic/systeme/systeme.tex
\SYS_systemecode=\toks55
\SYS_systempreamble=\toks56
\SYSeqnum=\count533
Invalid UTF-8 byte or sequence at line 78 replaced by U+FFFD.
Invalid UTF-8 byte or sequence at line 78 replaced by U+FFFD.
Invalid UTF-8 byte or sequence at line 78 replaced by U+FFFD.
Invalid UTF-8 byte or sequence at line 78 replaced by U+FFFD.
Invalid UTF-8 byte or sequence at line 82 replaced by U+FFFD.
Invalid UTF-8 byte or sequence at line 86 replaced by U+FFFD.
Invalid UTF-8 byte or sequence at line 86 replaced by U+FFFD.
Invalid UTF-8 byte or sequence at line 86 replaced by U+FFFD.
Invalid UTF-8 byte or sequence at line 88 replaced by U+FFFD.
Invalid UTF-8 byte or sequence at line 90 replaced by U+FFFD.
Invalid UTF-8 byte or sequence at line 90 replaced by U+FFFD.
Invalid UTF-8 byte or sequence at line 90 replaced by U+FFFD.
Invalid UTF-8 byte or sequence at line 90 replaced by U+FFFD.
Invalid UTF-8 byte or sequence at line 90 replaced by U+FFFD.
Invalid UTF-8 byte or sequence at line 90 replaced by U+FFFD.
Invalid UTF-8 byte or sequence at line 96 replaced by U+FFFD.
Invalid UTF-8 byte or sequence at line 96 replaced by U+FFFD.
Invalid UTF-8 byte or sequence at line 114 replaced by U+FFFD.
Invalid UTF-8 byte or sequence at line 114 replaced by U+FFFD.
Invalid UTF-8 byte or sequence at line 114 replaced by U+FFFD.
Invalid UTF-8 byte or sequence at line 115 replaced by U+FFFD.
Invalid UTF-8 byte or sequence at line 115 replaced by U+FFFD.
Invalid UTF-8 byte or sequence at line 115 replaced by U+FFFD.
Invalid UTF-8 byte or sequence at line 115 replaced by U+FFFD.
Invalid UTF-8 byte or sequence at line 115 replaced by U+FFFD.
Invalid UTF-8 byte or sequence at line 115 replaced by U+FFFD.
Invalid UTF-8 byte or sequence at line 118 replaced by U+FFFD.
Invalid UTF-8 byte or sequence at line 118 replaced by U+FFFD.
Invalid UTF-8 byte or sequence at line 118 replaced by U+FFFD.
Invalid UTF-8 byte or sequence at line 118 replaced by U+FFFD.
Invalid UTF-8 byte or sequence at line 118 replaced by U+FFFD.
Invalid UTF-8 byte or sequence at line 129 replaced by U+FFFD.
Invalid UTF-8 byte or sequence at line 146 replaced by U+FFFD.
Invalid UTF-8 byte or sequence at line 146 replaced by U+FFFD.
Invalid UTF-8 byte or sequence at line 146 replaced by U+FFFD.
Invalid UTF-8 byte or sequence at line 146 replaced by U+FFFD.
Invalid UTF-8 byte or sequence at line 146 replaced by U+FFFD.
Invalid UTF-8 byte or sequence at line 181 replaced by U+FFFD.
Invalid UTF-8 byte or sequence at line 181 replaced by U+FFFD.
Invalid UTF-8 byte or sequence at line 182 replaced by U+FFFD.
Invalid UTF-8 byte or sequence at line 187 replaced by U+FFFD.
Invalid UTF-8 byte or sequence at line 193 replaced by U+FFFD.
Invalid UTF-8 byte or sequence at line 193 replaced by U+FFFD.
Invalid UTF-8 byte or sequence at line 197 replaced by U+FFFD.
Invalid UTF-8 byte or sequence at line 199 replaced by U+FFFD.
Invalid UTF-8 byte or sequence at line 199 replaced by U+FFFD.
Invalid UTF-8 byte or sequence at line 199 replaced by U+FFFD.
Invalid UTF-8 byte or sequence at line 207 replaced by U+FFFD.
Invalid UTF-8 byte or sequence at line 207 replaced by U+FFFD.
Invalid UTF-8 byte or sequence at line 209 replaced by U+FFFD.
Invalid UTF-8 byte or sequence at line 217 replaced by U+FFFD.
Invalid UTF-8 byte or sequence at line 240 replaced by U+FFFD.
Invalid UTF-8 byte or sequence at line 242 replaced by U+FFFD.
Invalid UTF-8 byte or sequence at line 244 replaced by U+FFFD.
Invalid UTF-8 byte or sequence at line 245 replaced by U+FFFD.
Invalid UTF-8 byte or sequence at line 255 replaced by U+FFFD.
Invalid UTF-8 byte or sequence at line 255 replaced by U+FFFD.
Invalid UTF-8 byte or sequence at line 255 replaced by U+FFFD.
Invalid UTF-8 byte or sequence at line 255 replaced by U+FFFD.
Invalid UTF-8 byte or sequence at line 259 replaced by U+FFFD.
Invalid UTF-8 byte or sequence at line 267 replaced by U+FFFD.
Invalid UTF-8 byte or sequence at line 267 replaced by U+FFFD.
Invalid UTF-8 byte or sequence at line 269 replaced by U+FFFD.
Invalid UTF-8 byte or sequence at line 274 replaced by U+FFFD.
Invalid UTF-8 byte or sequence at line 285 replaced by U+FFFD.
Invalid UTF-8 byte or sequence at line 302 replaced by U+FFFD.
Invalid UTF-8 byte or sequence at line 303 replaced by U+FFFD.
Invalid UTF-8 byte or sequence at line 303 replaced by U+FFFD.
Invalid UTF-8 byte or sequence at line 318 replaced by U+FFFD.
Invalid UTF-8 byte or sequence at line 318 replaced by U+FFFD.
Invalid UTF-8 byte or sequence at line 318 replaced by U+FFFD.
Invalid UTF-8 byte or sequence at line 318 replaced by U+FFFD.
Invalid UTF-8 byte or sequence at line 332 replaced by U+FFFD.
Invalid UTF-8 byte or sequence at line 332 replaced by U+FFFD.
Invalid UTF-8 byte or sequence at line 332 replaced by U+FFFD.
Invalid UTF-8 byte or sequence at line 338 replaced by U+FFFD.
Invalid UTF-8 byte or sequence at line 338 replaced by U+FFFD.
Invalid UTF-8 byte or sequence at line 353 replaced by U+FFFD.
Invalid UTF-8 byte or sequence at line 385 replaced by U+FFFD.
Invalid UTF-8 byte or sequence at line 404 replaced by U+FFFD.
Invalid UTF-8 byte or sequence at line 407 replaced by U+FFFD.
Invalid UTF-8 byte or sequence at line 452 replaced by U+FFFD.
Invalid UTF-8 byte or sequence at line 457 replaced by U+FFFD.
Invalid UTF-8 byte or sequence at line 514 replaced by U+FFFD.
Invalid UTF-8 byte or sequence at line 572 replaced by U+FFFD.
Invalid UTF-8 byte or sequence at line 573 replaced by U+FFFD.
Invalid UTF-8 byte or sequence at line 592 replaced by U+FFFD.
Invalid UTF-8 byte or sequence at line 595 replaced by U+FFFD.
Invalid UTF-8 byte or sequence at line 598 replaced by U+FFFD.
Invalid UTF-8 byte or sequence at line 621 replaced by U+FFFD.
Invalid UTF-8 byte or sequence at line 626 replaced by U+FFFD.
Invalid UTF-8 byte or sequence at line 630 replaced by U+FFFD.
Invalid UTF-8 byte or sequence at line 638 replaced by U+FFFD.
Invalid UTF-8 byte or sequence at line 642 replaced by U+FFFD.
Invalid UTF-8 byte or sequence at line 646 replaced by U+FFFD.
Invalid UTF-8 byte or sequence at line 648 replaced by U+FFFD.
Invalid UTF-8 byte or sequence at line 648 replaced by U+FFFD.
Invalid UTF-8 byte or sequence at line 654 replaced by U+FFFD.
Invalid UTF-8 byte or sequence at line 654 replaced by U+FFFD.
)
Package: systeme 2020/05/03 v0.34 Mise en forme de systemes d'equations (CT)
) (d:/texlive/2021/texmf-dist/tex/latex/mathtools/mathtools.sty
Package: mathtools 2021/03/18 v1.25 mathematical typesetting tools
 (d:/texlive/2021/texmf-dist/tex/latex/mathtools/mhsetup.sty
Package: mhsetup 2021/03/18 v1.4 programming setup (MH)
)
LaTeX Info: Thecontrolsequence`\('isalreadyrobust on input line 130.
LaTeX Info: Thecontrolsequence`\)'isalreadyrobust on input line 130.
LaTeX Info: Thecontrolsequence`\['isalreadyrobust on input line 130.
LaTeX Info: Thecontrolsequence`\]'isalreadyrobust on input line 130.
\g_MT_multlinerow_int=\count534
\l_MT_multwidth_dim=\dimen375
\origjot=\skip108
\l_MT_shortvdotswithinadjustabove_dim=\dimen376
\l_MT_shortvdotswithinadjustbelow_dim=\dimen377
\l_MT_above_intertext_sep=\dimen378
\l_MT_below_intertext_sep=\dimen379
\l_MT_above_shortintertext_sep=\dimen380
\l_MT_below_shortintertext_sep=\dimen381
\xmathstrut@box=\box134
\xmathstrut@dim=\dimen382
) (d:/texlive/2021/texmf-dist/tex/latex/tools/verbatim.sty
Package: verbatim 2020-07-07 v1.5u LaTeX2e package for verbatim enhancements
\every@verbatim=\toks57
\verbatim@line=\toks58
\verbatim@in@stream=\read6
) (d:/texlive/2021/texmf-dist/tex/latex/boxedminipage/boxedminipage.sty
Package: boxedminipage 2020/04/19 v1.1 Boxed LaTeX2e minipages
\bmp@box=\box135
\bmp@width=\skip109
\bmp@height=\skip110
) (d:/texlive/2021/texmf-dist/tex/latex/algorithms/algorithm.sty
Invalid UTF-8 byte or sequence at line 11 replaced by U+FFFD.
Package: algorithm 2009/08/24 v0.1 Document Style `algorithm' - floating environment
 (d:/texlive/2021/texmf-dist/tex/latex/float/float.sty
Package: float 2001/11/08 v1.3d Float enhancements (AL)
\c@float@type=\count535
\float@exts=\toks59
\float@box=\box136
\@float@everytoks=\toks60
\@floatcapt=\box137
)
\@float@every@algorithm=\toks61
\c@algorithm=\count536
) (d:/texlive/2021/texmf-dist/tex/latex/algorithmicx/algpseudocode.sty
Package: algpseudocode 
 (d:/texlive/2021/texmf-dist/tex/latex/algorithmicx/algorithmicx.sty
Package: algorithmicx 2005/04/27 v1.2 Algorithmicx

Document Style algorithmicx 1.2 - a greatly improved `algorithmic' style
\c@ALG@line=\count537
\c@ALG@rem=\count538
\c@ALG@nested=\count539
\ALG@tlm=\skip111
\ALG@thistlm=\skip112
\c@ALG@Lnr=\count540
\c@ALG@blocknr=\count541
\c@ALG@storecount=\count542
\c@ALG@tmpcounter=\count543
\ALG@tmplength=\skip113
)
Document Style - pseudocode environments for use with the `algorithmicx' style
) (d:/texlive/2021/texmf-dist/tex/latex/listings/listings.sty
\lst@mode=\count544
\lst@gtempboxa=\box138
\lst@token=\toks62
\lst@length=\count545
\lst@currlwidth=\dimen383
\lst@column=\count546
\lst@pos=\count547
\lst@lostspace=\dimen384
\lst@width=\dimen385
\lst@newlines=\count548
\lst@lineno=\count549
\lst@maxwidth=\dimen386
 (d:/texlive/2021/texmf-dist/tex/latex/listings/lstmisc.sty
File: lstmisc.sty 2020/03/24 1.8d (Carsten Heinz)
\c@lstnumber=\count550
\lst@skipnumbers=\count551
\lst@framebox=\box139
) (d:/texlive/2021/texmf-dist/tex/latex/listings/listings.cfg
File: listings.cfg 2020/03/24 1.8d listings configuration
))
Package: listings 2020/03/24 1.8d (Carsten Heinz)
 (d:/texlive/2021/texmf-dist/tex/xelatex/xecjk/xeCJK-listings.sty
Package: xeCJK-listings 2020/10/19 v3.8.6 xeCJK patch file for listings
\l__xeCJK_listings_max_char_int=\count552
\l__xeCJK_listings_flag_int=\count553
)

Package fontspec Info: Font family 'SimHei(0)' created for font 'SimHei' with
(fontspec)             options
(fontspec)             [Script={CJK},AutoFakeBold={4},AutoFakeSlant={0.167}].
(fontspec)              
(fontspec)              This font family consists of the following NFSS
(fontspec)             series/shapes:
(fontspec)              
(fontspec)             - 'normal' (m/n) with NFSS spec.:
(fontspec)             <->"SimHei/OT:script=hani;language=dflt;"
(fontspec)             - 'small caps'  (m/sc) with NFSS spec.: 
(fontspec)             - 'bold' (b/n) with NFSS spec.:
(fontspec)             <->"SimHei/OT:script=hani;language=dflt;embolden=4;"
(fontspec)             - 'bold small caps'  (b/sc) with NFSS spec.: 
(fontspec)             - 'italic' (m/it) with NFSS spec.:
(fontspec)             <->"SimHei/OT:script=hani;language=dflt;slant=0.167;"
(fontspec)             - 'italic small caps'  (m/scit) with NFSS spec.: 
(fontspec)             - 'bold italic' (b/it) with NFSS spec.:
(fontspec)             <->"SimHei/OT:script=hani;language=dflt;embolden=4;slant=0.167;"
(fontspec)             - 'bold italic small caps'  (b/scit) with NFSS spec.: 

\@quotelevel=\count554
\@quotereset=\count555
\tikzscale@accuracy=\skip114
 (./hkust-beamer.aux (./ppt01.aux) (./ppt02.aux))
\openout1 = `hkust-beamer.aux'.

LaTeX Font Info:    Checking defaults for OML/cmm/m/it on input line 81.
LaTeX Font Info:    ... okay on input line 81.
LaTeX Font Info:    Checking defaults for OMS/cmsy/m/n on input line 81.
LaTeX Font Info:    ... okay on input line 81.
LaTeX Font Info:    Checking defaults for OT1/cmr/m/n on input line 81.
LaTeX Font Info:    ... okay on input line 81.
LaTeX Font Info:    Checking defaults for T1/cmr/m/n on input line 81.
LaTeX Font Info:    ... okay on input line 81.
LaTeX Font Info:    Checking defaults for TS1/cmr/m/n on input line 81.
LaTeX Font Info:    Trying to load font information for TS1+cmr on input line 81.
 (d:/texlive/2021/texmf-dist/tex/latex/base/ts1cmr.fd
File: ts1cmr.fd 2019/12/16 v2.5j Standard LaTeX font definitions
)
LaTeX Font Info:    ... okay on input line 81.
LaTeX Font Info:    Checking defaults for TU/lmr/m/n on input line 81.
LaTeX Font Info:    ... okay on input line 81.
LaTeX Font Info:    Checking defaults for OMX/cmex/m/n on input line 81.
LaTeX Font Info:    ... okay on input line 81.
LaTeX Font Info:    Checking defaults for U/cmr/m/n on input line 81.
LaTeX Font Info:    ... okay on input line 81.
LaTeX Font Info:    Checking defaults for PD1/pdf/m/n on input line 81.
LaTeX Font Info:    ... okay on input line 81.
LaTeX Font Info:    Checking defaults for PU/pdf/m/n on input line 81.
LaTeX Font Info:    ... okay on input line 81.

*geometry* driver: auto-detecting
*geometry* detected driver: xetex
*geometry* verbose mode - [ preamble ] result:
* driver: xetex
* paper: custom
* layout: <same size as paper>
* layoutoffset:(h,v)=(0.0pt,0.0pt)
* modes: includehead includefoot 
* h-part:(L,W,R)=(28.45274pt, 307.28987pt, 28.45274pt)
* v-part:(T,H,B)=(0.0pt, 273.14662pt, 0.0pt)
* \paperwidth=364.19536pt
* \paperheight=273.14662pt
* \textwidth=307.28987pt
* \textheight=244.6939pt
* \oddsidemargin=-43.81725pt
* \evensidemargin=-43.81725pt
* \topmargin=-72.26999pt
* \headheight=14.22636pt
* \headsep=0.0pt
* \topskip=11.0pt
* \footskip=14.22636pt
* \marginparwidth=4.0pt
* \marginparsep=10.0pt
* \columnsep=10.0pt
* \skip\footins=10.0pt plus 4.0pt minus 2.0pt
* \hoffset=0.0pt
* \voffset=0.0pt
* \mag=1000
* \@twocolumnfalse
* \@twosidefalse
* \@mparswitchfalse
* \@reversemarginfalse
* (1in=72.27pt=25.4mm, 1cm=28.453pt)

Package hyperref Info: Link coloring OFF on input line 81.
(d:/texlive/2021/texmf-dist/tex/latex/hyperref/nameref.sty
Package: nameref 2021-04-02 v2.47 Cross-referencing by name of section
 (d:/texlive/2021/texmf-dist/tex/latex/refcount/refcount.sty
Package: refcount 2019/12/15 v3.6 Data extraction from label references (HO)
) (d:/texlive/2021/texmf-dist/tex/generic/gettitlestring/gettitlestring.sty
Package: gettitlestring 2019/12/15 v1.6 Cleanup title references (HO)
)
\c@section@level=\count556
)
LaTeX Info: Redefining \ref on input line 81.
LaTeX Info: Redefining \pageref on input line 81.
LaTeX Info: Redefining \nameref on input line 81.
 (./hkust-beamer.out) (./hkust-beamer.out)
\@outlinefile=\write7
\openout7 = `hkust-beamer.out'.

LaTeX Font Info:    Overwriting symbol font `operators' in version `normal'
(Font)                  OT1/cmr/m/n --> OT1/cmss/m/n on input line 81.
LaTeX Font Info:    Overwriting symbol font `operators' in version `bold'
(Font)                  OT1/cmr/bx/n --> OT1/cmss/b/n on input line 81.
\symnumbers=\mathgroup12
LaTeX Font Info:    Redeclaring symbol font `pureletters' on input line 81.
LaTeX Font Info:    Encoding `OT1' has changed to `TU' for symbol font
(Font)              `pureletters' in the math version `normal' on input line 81.
LaTeX Font Info:    Overwriting symbol font `pureletters' in version `normal'
(Font)                  OT1/mathkerncmss/m/sl --> TU/lmss/m/it on input line 81.
LaTeX Font Info:    Encoding `OT1' has changed to `TU' for symbol font
(Font)              `pureletters' in the math version `bold' on input line 81.
LaTeX Font Info:    Overwriting symbol font `pureletters' in version `bold'
(Font)                  OT1/mathkerncmss/bx/sl --> TU/lmss/m/it on input line 81.
LaTeX Font Info:    Overwriting math alphabet `\mathrm' in version `normal'
(Font)                  OT1/cmss/m/n --> TU/lmr/m/n on input line 81.
LaTeX Font Info:    Redeclaring math alphabet \mathbf on input line 81.
LaTeX Font Info:    Redeclaring math alphabet \mathsf on input line 81.
LaTeX Font Info:    Overwriting math alphabet `\mathsf' in version `normal'
(Font)                  OT1/cmss/m/n --> TU/lmss/m/n on input line 81.
LaTeX Font Info:    Overwriting math alphabet `\mathsf' in version `bold'
(Font)                  OT1/cmss/bx/n --> TU/lmss/m/n on input line 81.
LaTeX Font Info:    Redeclaring math alphabet \mathit on input line 81.
LaTeX Font Info:    Overwriting math alphabet `\mathit' in version `normal'
(Font)                  OT1/cmr/m/it --> TU/lmss/m/it on input line 81.
LaTeX Font Info:    Overwriting math alphabet `\mathit' in version `bold'
(Font)                  OT1/cmr/bx/it --> TU/lmss/m/it on input line 81.
LaTeX Font Info:    Redeclaring math alphabet \mathtt on input line 81.
LaTeX Font Info:    Overwriting math alphabet `\mathtt' in version `normal'
(Font)                  OT1/cmtt/m/n --> TU/lmtt/m/n on input line 81.
LaTeX Font Info:    Overwriting math alphabet `\mathtt' in version `bold'
(Font)                  OT1/cmtt/m/n --> TU/lmtt/m/n on input line 81.
LaTeX Font Info:    Overwriting symbol font `numbers' in version `bold'
(Font)                  TU/lmss/m/n --> TU/lmss/b/n on input line 81.
LaTeX Font Info:    Overwriting symbol font `pureletters' in version `bold'
(Font)                  TU/lmss/m/it --> TU/lmss/b/it on input line 81.
LaTeX Font Info:    Overwriting math alphabet `\mathrm' in version `bold'
(Font)                  OT1/cmss/b/n --> TU/lmr/b/n on input line 81.
LaTeX Font Info:    Overwriting math alphabet `\mathbf' in version `bold'
(Font)                  TU/lmss/b/n --> TU/lmss/b/n on input line 81.
LaTeX Font Info:    Overwriting math alphabet `\mathsf' in version `bold'
(Font)                  TU/lmss/m/n --> TU/lmss/b/n on input line 81.
LaTeX Font Info:    Overwriting math alphabet `\mathit' in version `bold'
(Font)                  TU/lmss/m/it --> TU/lmss/b/it on input line 81.
LaTeX Font Info:    Overwriting math alphabet `\mathtt' in version `bold'
(Font)                  TU/lmtt/m/n --> TU/lmtt/b/n on input line 81.
\symboldpureletters=\mathgroup13
 (d:/texlive/2021/texmf-dist/tex/latex/translator/translator-basic-dictionary-English.dict
Dictionary: translator-basic-dictionary, Language: English 
) (d:/texlive/2021/texmf-dist/tex/latex/translator/translator-bibliography-dictionary-English.dict
Dictionary: translator-bibliography-dictionary, Language: English 
) (d:/texlive/2021/texmf-dist/tex/latex/translator/translator-environment-dictionary-English.dict
Dictionary: translator-environment-dictionary, Language: English 
) (d:/texlive/2021/texmf-dist/tex/latex/translator/translator-months-dictionary-English.dict
Dictionary: translator-months-dictionary, Language: English 
) (d:/texlive/2021/texmf-dist/tex/latex/translator/translator-numbers-dictionary-English.dict
Dictionary: translator-numbers-dictionary, Language: English 
) (d:/texlive/2021/texmf-dist/tex/latex/translator/translator-theorem-dictionary-English.dict
Dictionary: translator-theorem-dictionary, Language: English 
)

Package fontspec Info: Adjusting the maths setup (use [no-math] to avoid
(fontspec)             this).

\symlegacymaths=\mathgroup14
LaTeX Font Info:    Overwriting symbol font `legacymaths' in version `bold'
(Font)                  OT1/cmr/m/n --> OT1/cmr/bx/n on input line 81.
LaTeX Font Info:    Redeclaring math accent \acute on input line 81.
LaTeX Font Info:    Redeclaring math accent \grave on input line 81.
LaTeX Font Info:    Redeclaring math accent \ddot on input line 81.
LaTeX Font Info:    Redeclaring math accent \tilde on input line 81.
LaTeX Font Info:    Redeclaring math accent \bar on input line 81.
LaTeX Font Info:    Redeclaring math accent \breve on input line 81.
LaTeX Font Info:    Redeclaring math accent \check on input line 81.
LaTeX Font Info:    Redeclaring math accent \hat on input line 81.
LaTeX Font Info:    Redeclaring math accent \dot on input line 81.
LaTeX Font Info:    Redeclaring math accent \mathring on input line 81.
LaTeX Font Info:    Redeclaring math symbol \Gamma on input line 81.
LaTeX Font Info:    Redeclaring math symbol \Delta on input line 81.
LaTeX Font Info:    Redeclaring math symbol \Theta on input line 81.
LaTeX Font Info:    Redeclaring math symbol \Lambda on input line 81.
LaTeX Font Info:    Redeclaring math symbol \Xi on input line 81.
LaTeX Font Info:    Redeclaring math symbol \Pi on input line 81.
LaTeX Font Info:    Redeclaring math symbol \Sigma on input line 81.
LaTeX Font Info:    Redeclaring math symbol \Upsilon on input line 81.
LaTeX Font Info:    Redeclaring math symbol \Phi on input line 81.
LaTeX Font Info:    Redeclaring math symbol \Psi on input line 81.
LaTeX Font Info:    Redeclaring math symbol \Omega on input line 81.
LaTeX Font Info:    Redeclaring math symbol \mathdollar on input line 81.
LaTeX Font Info:    Redeclaring symbol font `operators' on input line 81.
LaTeX Font Info:    Encoding `OT1' has changed to `TU' for symbol font
(Font)              `operators' in the math version `normal' on input line 81.
LaTeX Font Info:    Overwriting symbol font `operators' in version `normal'
(Font)                  OT1/cmss/m/n --> TU/lmr/m/n on input line 81.
LaTeX Font Info:    Encoding `OT1' has changed to `TU' for symbol font
(Font)              `operators' in the math version `bold' on input line 81.
LaTeX Font Info:    Overwriting symbol font `operators' in version `bold'
(Font)                  OT1/cmss/b/n --> TU/lmr/m/n on input line 81.
LaTeX Font Info:    Overwriting symbol font `operators' in version `normal'
(Font)                  TU/lmr/m/n --> TU/lmr/m/n on input line 81.
LaTeX Font Info:    Redeclaring math alphabet \mathrm on input line 81.
LaTeX Font Info:    Overwriting math alphabet `\mathit' in version `normal'
(Font)                  TU/lmss/m/it --> TU/lmr/m/it on input line 81.
LaTeX Font Info:    Overwriting math alphabet `\mathbf' in version `normal'
(Font)                  TU/lmss/b/n --> TU/lmr/b/n on input line 81.
LaTeX Font Info:    Overwriting math alphabet `\mathsf' in version `normal'
(Font)                  TU/lmss/m/n --> TU/lmss/m/n on input line 81.
LaTeX Font Info:    Overwriting math alphabet `\mathtt' in version `normal'
(Font)                  TU/lmtt/m/n --> TU/lmtt/m/n on input line 81.
LaTeX Font Info:    Overwriting symbol font `operators' in version `bold'
(Font)                  TU/lmr/m/n --> TU/lmr/b/n on input line 81.
LaTeX Font Info:    Overwriting math alphabet `\mathit' in version `bold'
(Font)                  TU/lmss/b/it --> TU/lmr/b/it on input line 81.
LaTeX Font Info:    Overwriting math alphabet `\mathsf' in version `bold'
(Font)                  TU/lmss/b/n --> TU/lmss/b/n on input line 81.
LaTeX Font Info:    Overwriting math alphabet `\mathtt' in version `bold'
(Font)                  TU/lmtt/b/n --> TU/lmtt/b/n on input line 81.
Package biblatex Info: Trying to load language 'english'...
Package biblatex Info: ... file 'english.lbx' found.
 (d:/texlive/2021/texmf-dist/tex/latex/biblatex/lbx/english.lbx
File: english.lbx 2020/12/31 v3.16 biblatex localization (PK/MW)
)
Package biblatex Info: XeTeX detected.
(biblatex)             Assuming input encoding 'utf8'.
Package biblatex Info: Automatic encoding selection.
(biblatex)             Assuming data encoding 'utf8'.
Package biblatex Info: Input encoding 'utf8' specified.
Package biblatex Info: Data encoding 'utf8' specified.
(biblatex)             No need to reencode data.
Package biblatex Info: Document encoding is UTF8 ....
Package biblatex Info: ... and expl3
(biblatex)             2021-02-18 L3 programming layer (loader) 
(biblatex)             is new enough (at least 2020/04/06),
(biblatex)             setting 'casechanger=expl3'.
 (d:/texlive/2021/texmf-dist/tex/latex/biblatex/blx-case-expl3.sty
Package: blx-case-expl3 2020/12/31 v3.16 expl3 case changing code for biblatex
)
\openout6 = `hkust-beamer-blx.bib'.

Package biblatex Info: Trying to load bibliographic data...
Package biblatex Info: ... file 'hkust-beamer.bbl' not found.

No file hkust-beamer.bbl.
Package biblatex Info: Reference section=0 on input line 81.
Package biblatex Info: Reference segment=0 on input line 81.
Package caption Info: Begin \AtBeginDocument code.
Package caption Info: subfig package v1.3 is loaded.
Package caption Info: float package is loaded.
Package caption Info: listings package is loaded.
Package caption Info: End \AtBeginDocument code.
\c@lstlisting=\count557
(./hkust-beamer.nav)
File: source/word-logo.pdf Graphic file (type pdf)
<use source/word-logo.pdf>
File: source/pure-logo.pdf Graphic file (type pdf)
<use source/pure-logo.pdf>


Package hyperref Warning: Option `pdfauthor' has already been used,
(hyperref)                setting the option has no effect on input line 104.

File: source/pure-logo.pdf Graphic file (type pdf)
<use source/pure-logo.pdf>
File: source/bg.pdf Graphic file (type pdf)
<use source/bg.pdf>
File: source/word-logo.pdf Graphic file (type pdf)
<use source/word-logo.pdf>
File: source/pure-logo.pdf Graphic file (type pdf)
<use source/pure-logo.pdf>
[1

] (./hkust-beamer.toc)
File: source/bg.pdf Graphic file (type pdf)
<use source/bg.pdf>
File: source/word-logo.pdf Graphic file (type pdf)
<use source/word-logo.pdf>
File: source/pure-logo.pdf Graphic file (type pdf)
<use source/pure-logo.pdf>
 [2

]
\openout2 = `ppt01.aux'.

 (./ppt01.tex (d:/texlive/2021/texmf-dist/tex/generic/pgf/frontendlayer/tikz/libraries/tikzlibraryarrows.code.tex
File: tikzlibraryarrows.code.tex 2020/12/27 v3.1.8b (3.1.8b)
 (d:/texlive/2021/texmf-dist/tex/generic/pgf/libraries/pgflibraryarrows.code.tex
File: pgflibraryarrows.code.tex 2020/12/27 v3.1.8b (3.1.8b)
\arrowsize=\dimen387
)) (d:/texlive/2021/texmf-dist/tex/generic/pgf/frontendlayer/tikz/libraries/tikzlibraryshapes.code.tex
File: tikzlibraryshapes.code.tex 2020/12/27 v3.1.8b (3.1.8b)
 (d:/texlive/2021/texmf-dist/tex/generic/pgf/frontendlayer/tikz/libraries/tikzlibraryshapes.geometric.code.tex
File: tikzlibraryshapes.geometric.code.tex 2020/12/27 v3.1.8b (3.1.8b)
 (d:/texlive/2021/texmf-dist/tex/generic/pgf/libraries/shapes/pgflibraryshapes.geometric.code.tex
File: pgflibraryshapes.geometric.code.tex 2020/12/27 v3.1.8b (3.1.8b)
)) (d:/texlive/2021/texmf-dist/tex/generic/pgf/frontendlayer/tikz/libraries/tikzlibraryshapes.misc.code.tex
File: tikzlibraryshapes.misc.code.tex 2020/12/27 v3.1.8b (3.1.8b)
 (d:/texlive/2021/texmf-dist/tex/generic/pgf/libraries/shapes/pgflibraryshapes.misc.code.tex
File: pgflibraryshapes.misc.code.tex 2020/12/27 v3.1.8b (3.1.8b)
)) (d:/texlive/2021/texmf-dist/tex/generic/pgf/frontendlayer/tikz/libraries/tikzlibraryshapes.symbols.code.tex
File: tikzlibraryshapes.symbols.code.tex 2020/12/27 v3.1.8b (3.1.8b)
 (d:/texlive/2021/texmf-dist/tex/generic/pgf/libraries/shapes/pgflibraryshapes.symbols.code.tex
File: pgflibraryshapes.symbols.code.tex 2020/12/27 v3.1.8b (3.1.8b)
)) (d:/texlive/2021/texmf-dist/tex/generic/pgf/frontendlayer/tikz/libraries/tikzlibraryshapes.arrows.code.tex
File: tikzlibraryshapes.arrows.code.tex 2020/12/27 v3.1.8b (3.1.8b)
 (d:/texlive/2021/texmf-dist/tex/generic/pgf/libraries/shapes/pgflibraryshapes.arrows.code.tex
File: pgflibraryshapes.arrows.code.tex 2020/12/27 v3.1.8b (3.1.8b)
)) (d:/texlive/2021/texmf-dist/tex/generic/pgf/frontendlayer/tikz/libraries/tikzlibraryshapes.callouts.code.tex (d:/texlive/2021/texmf-dist/tex/generic/pgf/libraries/shapes/pgflibraryshapes.callouts.code.tex)) (d:/texlive/2021/texmf-dist/tex/generic/pgf/frontendlayer/tikz/libraries/tikzlibraryshapes.multipart.code.tex
File: tikzlibraryshapes.multipart.code.tex 2020/12/27 v3.1.8b (3.1.8b)
 (d:/texlive/2021/texmf-dist/tex/generic/pgf/libraries/shapes/pgflibraryshapes.multipart.code.tex
File: pgflibraryshapes.multipart.code.tex 2020/12/27 v3.1.8b (3.1.8b)
\pgfnodepartlowerbox=\box140
\pgfnodeparttwobox=\box141
\pgfnodepartthreebox=\box142
\pgfnodepartfourbox=\box143
\pgfnodeparttwentybox=\box144
\pgfnodepartnineteenbox=\box145
\pgfnodeparteighteenbox=\box146
\pgfnodepartseventeenbox=\box147
\pgfnodepartsixteenbox=\box148
\pgfnodepartfifteenbox=\box149
\pgfnodepartfourteenbox=\box150
\pgfnodepartthirteenbox=\box151
\pgfnodeparttwelvebox=\box152
\pgfnodepartelevenbox=\box153
\pgfnodeparttenbox=\box154
\pgfnodepartninebox=\box155
\pgfnodeparteightbox=\box156
\pgfnodepartsevenbox=\box157
\pgfnodepartsixbox=\box158
\pgfnodepartfivebox=\box159
))) (d:/texlive/2021/texmf-dist/tex/generic/pgf/frontendlayer/tikz/libraries/tikzlibrarychains.code.tex
File: tikzlibrarychains.code.tex 2020/12/27 v3.1.8b (3.1.8b)
 (d:/texlive/2021/texmf-dist/tex/generic/pgf/frontendlayer/tikz/libraries/tikzlibrarypositioning.code.tex
File: tikzlibrarypositioning.code.tex 2020/12/27 v3.1.8b (3.1.8b)
))
LaTeX Font Info:    Trying to load font information for U+msa on input line 30.
 (d:/texlive/2021/texmf-dist/tex/latex/amsfonts/umsa.fd
File: umsa.fd 2013/01/14 v3.01 AMS symbols A
)
LaTeX Font Info:    Trying to load font information for U+msb on input line 30.
 (d:/texlive/2021/texmf-dist/tex/latex/amsfonts/umsb.fd
File: umsb.fd 2013/01/14 v3.01 AMS symbols B
)
LaTeX Font Info:    Trying to load font information for U+lasy on input line 30.
 (d:/texlive/2021/texmf-dist/tex/latex/base/ulasy.fd
File: ulasy.fd 1998/08/17 v2.2e LaTeX symbol font definitions
)
LaTeX Font Info:    Font shape `TU/lmss/m/it' in size <10.95> not available
(Font)              Font shape `TU/lmss/m/sl' tried instead on input line 30.
LaTeX Font Info:    Font shape `TU/lmss/m/it' in size <8> not available
(Font)              Font shape `TU/lmss/m/sl' tried instead on input line 30.
LaTeX Font Info:    Font shape `TU/lmss/m/it' in size <6> not available
(Font)              Font shape `TU/lmss/m/sl' tried instead on input line 30.
LaTeX Font Info:    Font shape `U/lasy/b/n' in size <8> not available
(Font)              Font shape `U/lasy/m/n' tried instead on input line 30.
LaTeX Font Info:    Font shape `U/lasy/b/n' in size <6> not available
(Font)              Font shape `U/lasy/m/n' tried instead on input line 30.
LaTeX Font Info:    Font shape `TU/lmss/bx/it' in size <10.95> not available
(Font)              Font shape `TU/lmss/bx/sl' tried instead on input line 30.
LaTeX Font Info:    Font shape `TU/lmss/bx/it' in size <8> not available
(Font)              Font shape `TU/lmss/bx/sl' tried instead on input line 30.
LaTeX Font Info:    Font shape `TU/lmss/bx/it' in size <6> not available
(Font)              Font shape `TU/lmss/bx/sl' tried instead on input line 30.

Overfull \hbox (7.90588pt too wide) detected at line 30
[][]$[]$[][][][][][]  [][] $[]$[][][][][][]
 []

File: source/bg.pdf Graphic file (type pdf)
<use source/bg.pdf>
File: source/word-logo.pdf Graphic file (type pdf)
<use source/word-logo.pdf>
File: source/pure-logo.pdf Graphic file (type pdf)
<use source/pure-logo.pdf>
[3


] (./hkust-beamer.toc)
File: source/bg.pdf Graphic file (type pdf)
<use source/bg.pdf>
File: source/word-logo.pdf Graphic file (type pdf)
<use source/word-logo.pdf>
File: source/pure-logo.pdf Graphic file (type pdf)
<use source/pure-logo.pdf>
 [4

]
File: source/bg.pdf Graphic file (type pdf)
<use source/bg.pdf>
File: source/word-logo.pdf Graphic file (type pdf)
<use source/word-logo.pdf>
File: source/pure-logo.pdf Graphic file (type pdf)
<use source/pure-logo.pdf>
 [5

]
LaTeX Font Info:    Font shape `TU/lmss/m/it' in size <9> not available
(Font)              Font shape `TU/lmss/m/sl' tried instead on input line 126.
LaTeX Font Info:    Font shape `TU/lmss/m/it' in size <5> not available
(Font)              Font shape `TU/lmss/m/sl' tried instead on input line 126.
LaTeX Font Info:    Font shape `U/lasy/b/n' in size <9> not available
(Font)              Font shape `U/lasy/m/n' tried instead on input line 126.
LaTeX Font Info:    Font shape `U/lasy/b/n' in size <5> not available
(Font)              Font shape `U/lasy/m/n' tried instead on input line 126.
LaTeX Font Info:    Font shape `TU/lmss/bx/it' in size <9> not available
(Font)              Font shape `TU/lmss/bx/sl' tried instead on input line 126.
LaTeX Font Info:    Font shape `TU/lmss/bx/it' in size <5> not available
(Font)              Font shape `TU/lmss/bx/sl' tried instead on input line 126.
File: source/bg.pdf Graphic file (type pdf)
<use source/bg.pdf>
File: source/word-logo.pdf Graphic file (type pdf)
<use source/word-logo.pdf>
File: source/pure-logo.pdf Graphic file (type pdf)
<use source/pure-logo.pdf>
 [6

] (./hkust-beamer.toc)
File: source/bg.pdf Graphic file (type pdf)
<use source/bg.pdf>
File: source/word-logo.pdf Graphic file (type pdf)
<use source/word-logo.pdf>
File: source/pure-logo.pdf Graphic file (type pdf)
<use source/pure-logo.pdf>
 [7

]
File: figures/home_bg_1.jpg Graphic file (type bmp)
<figures/home_bg_1.jpg>
File: source/bg.pdf Graphic file (type pdf)
<use source/bg.pdf>
File: source/word-logo.pdf Graphic file (type pdf)
<use source/word-logo.pdf>
File: source/pure-logo.pdf Graphic file (type pdf)
<use source/pure-logo.pdf>
 [8

])
\openout2 = `ppt02.aux'.

 (./ppt02.tex (./hkust-beamer.toc)
File: source/bg.pdf Graphic file (type pdf)
<use source/bg.pdf>
File: source/word-logo.pdf Graphic file (type pdf)
<use source/word-logo.pdf>
File: source/pure-logo.pdf Graphic file (type pdf)
<use source/pure-logo.pdf>
 [9




]
Overfull \hbox (2.864pt too wide) detected at line 34
 []\TU/lmss/m/n/8 (1) 
 []


Overfull \hbox (2.864pt too wide) detected at line 34
 []\TU/lmss/m/n/8 (2) 
 []


Overfull \hbox (2.864pt too wide) detected at line 34
 []\TU/lmss/m/n/8 (3) 
 []


Overfull \hbox (2.864pt too wide) detected at line 34
 []\TU/lmss/m/n/8 (4) 
 []


Overfull \hbox (2.864pt too wide) detected at line 34
 []\TU/lmss/m/n/8 (1) 
 []


Overfull \hbox (2.864pt too wide) detected at line 34
 []\TU/lmss/m/n/8 (2) 
 []

File: source/bg.pdf Graphic file (type pdf)
<use source/bg.pdf>
File: source/word-logo.pdf Graphic file (type pdf)
<use source/word-logo.pdf>
File: source/pure-logo.pdf Graphic file (type pdf)
<use source/pure-logo.pdf>
[10

] (./hkust-beamer.toc)
File: source/bg.pdf Graphic file (type pdf)
<use source/bg.pdf>
File: source/word-logo.pdf Graphic file (type pdf)
<use source/word-logo.pdf>
File: source/pure-logo.pdf Graphic file (type pdf)
<use source/pure-logo.pdf>
 [11

]
File: figures/home_bg_1.jpg Graphic file (type bmp)
<figures/home_bg_1.jpg>
File: source/bg.pdf Graphic file (type pdf)
<use source/bg.pdf>
File: source/word-logo.pdf Graphic file (type pdf)
<use source/word-logo.pdf>
File: source/pure-logo.pdf Graphic file (type pdf)
<use source/pure-logo.pdf>
 [12

]
Overfull \hbox (2.864pt too wide) detected at line 94
 []\TU/lmss/m/n/8 (1) 
 []


Overfull \hbox (2.864pt too wide) detected at line 94
 []\TU/lmss/m/n/8 (2) 
 []


Overfull \hbox (2.864pt too wide) detected at line 94
 []\TU/lmss/m/n/8 (3) 
 []


Overfull \hbox (2.864pt too wide) detected at line 94
 []\TU/lmss/m/n/8 (4) 
 []


Overfull \hbox (2.864pt too wide) detected at line 94
 []\TU/lmss/m/n/8 (1) 
 []


Overfull \hbox (2.864pt too wide) detected at line 94
 []\TU/lmss/m/n/8 (2) 
 []

File: source/bg.pdf Graphic file (type pdf)
<use source/bg.pdf>
File: source/word-logo.pdf Graphic file (type pdf)
<use source/word-logo.pdf>
File: source/pure-logo.pdf Graphic file (type pdf)
<use source/pure-logo.pdf>
[13

]
File: source/bg.pdf Graphic file (type pdf)
<use source/bg.pdf>
File: source/word-logo.pdf Graphic file (type pdf)
<use source/word-logo.pdf>
File: source/pure-logo.pdf Graphic file (type pdf)
<use source/pure-logo.pdf>
 [14

])
\tf@nav=\write8
\openout8 = `hkust-beamer.nav'.

\tf@toc=\write9
\openout9 = `hkust-beamer.toc'.

\tf@snm=\write10
\openout10 = `hkust-beamer.snm'.

 (./hkust-beamer.aux (./ppt01.aux) (./ppt02.aux))
Package rerunfilecheck Info: File `hkust-beamer.out' has not changed.
(rerunfilecheck)             Checksum: 51B6BBBE5EFD16FF9B3FD1F498259367;575.
Package logreq Info: Writing requests to 'hkust-beamer.run.xml'.
\openout1 = `hkust-beamer.run.xml'.

 ) 
Here is how much of TeX's memory you used:
 43198 strings out of 476919
 900132 string characters out of 5825424
 1603118 words of memory out of 5000000
 62255 multiletter control sequences out of 15000+600000
 416167 words of font info for 113 fonts, out of 8000000 for 9000
 1348 hyphenation exceptions out of 8191
 131i,20n,132p,1840b,883s stack positions out of 5000i,500n,10000p,200000b,80000s

Output written on hkust-beamer.pdf (14 pages).
